<?xml version="1.0" encoding="UTF-8"?>
<!-- Generated by org.testng.reporters.JUnitXMLReporter -->
<testsuite hostname="Idas-MacBook-Air.local" name="Surefire test" tests="16" failures="0" timestamp="23 Jan 2016 12:58:12 GMT" time="1.64" errors="0">
  <testcase name="testDinaServiceConstractor on testDinaServiceConstractor(se.nrm.dina.data.service.DinaServiceNGTest)" time="0.536" classname="se.nrm.dina.data.service.DinaServiceNGTest"/>
  <testcase name="testGetAllByEntityName on testGetAllByEntityName(se.nrm.dina.data.service.DinaServiceNGTest)" time="0.426" classname="se.nrm.dina.data.service.DinaServiceNGTest"/>
  <testcase name="testGetAllByEntityName2 on testGetAllByEntityName2(se.nrm.dina.data.service.DinaServiceNGTest)" time="0.045" classname="se.nrm.dina.data.service.DinaServiceNGTest"/>
  <testcase name="testGetAllByEntityNameFailure on testGetAllByEntityNameFailure(se.nrm.dina.data.service.DinaServiceNGTest)" time="0.034" classname="se.nrm.dina.data.service.DinaServiceNGTest"/>
  <testcase name="testGetDataFailure on testGetDataFailure(se.nrm.dina.data.service.DinaServiceNGTest)" time="0.033" classname="se.nrm.dina.data.service.DinaServiceNGTest"/>
  <testcase name="testGetData on testGetData(se.nrm.dina.data.service.DinaServiceNGTest)" time="0.045" classname="se.nrm.dina.data.service.DinaServiceNGTest"/>
  <testcase name="testGetEntityById on testGetEntityById(se.nrm.dina.data.service.DinaServiceNGTest)" time="0.071" classname="se.nrm.dina.data.service.DinaServiceNGTest"/>
  <testcase name="testGetEntityByIdFailure on testGetEntityByIdFailure(se.nrm.dina.data.service.DinaServiceNGTest)" time="0.05" classname="se.nrm.dina.data.service.DinaServiceNGTest"/>
  <testcase name="testGetEntityCount on testGetEntityCount(se.nrm.dina.data.service.DinaServiceNGTest)" time="0.02" classname="se.nrm.dina.data.service.DinaServiceNGTest"/>
  <testcase name="testGetEntityCountFailure on testGetEntityCountFailure(se.nrm.dina.data.service.DinaServiceNGTest)" time="0.017" classname="se.nrm.dina.data.service.DinaServiceNGTest"/>
  <testcase name="testCreateNewEntity on testCreateNewEntity(se.nrm.dina.data.service.DinaServiceNGTest)" time="0.044" classname="se.nrm.dina.data.service.DinaServiceNGTest"/>
  <testcase name="testCreateNewEntityFailure on testCreateNewEntityFailure(se.nrm.dina.data.service.DinaServiceNGTest)" time="0.019" classname="se.nrm.dina.data.service.DinaServiceNGTest"/>
  <testcase name="testUpdateEntity on testUpdateEntity(se.nrm.dina.data.service.DinaServiceNGTest)" time="0.026" classname="se.nrm.dina.data.service.DinaServiceNGTest"/>
  <testcase name="testUpdateEntityFailure on testUpdateEntityFailure(se.nrm.dina.data.service.DinaServiceNGTest)" time="0.026" classname="se.nrm.dina.data.service.DinaServiceNGTest"/>
  <testcase name="testDeleteEntityById on testDeleteEntityById(se.nrm.dina.data.service.DinaServiceNGTest)" time="0.026" classname="se.nrm.dina.data.service.DinaServiceNGTest"/>
  <testcase name="testDeleteEntityByIdFailure on testDeleteEntityByIdFailure(se.nrm.dina.data.service.DinaServiceNGTest)" time="0.057" classname="se.nrm.dina.data.service.DinaServiceNGTest"/>
</testsuite> <!-- Surefire test -->
