<?xml version="1.0" encoding="UTF-8"?>
<!-- Generated by org.testng.reporters.JUnitXMLReporter -->
<testsuite hostname="Idas-MacBook-Air.local" name="Surefire test" tests="26" failures="0" timestamp="22 Jan 2016 20:03:35 GMT" time="0.256" errors="0">
  <testcase name="testGetInstance on testGetInstance(se.nrm.dina.data.util.UtilNGTest)" time="0.012" classname="se.nrm.dina.data.util.UtilNGTest"/>
  <testcase name="testConvertClassNameToClass on testConvertClassNameToClass(se.nrm.dina.data.util.UtilNGTest)" time="0.008" classname="se.nrm.dina.data.util.UtilNGTest"/>
  <testcase name="testConvertClassNameToClassException on testConvertClassNameToClassException(se.nrm.dina.data.util.UtilNGTest)" time="0.003" classname="se.nrm.dina.data.util.UtilNGTest"/>
  <testcase name="testReformClassName on testReformClassName(se.nrm.dina.data.util.UtilNGTest)" time="0.0" classname="se.nrm.dina.data.util.UtilNGTest"/>
  <testcase name="testReformClassNameEmptyName on testReformClassNameEmptyName(se.nrm.dina.data.util.UtilNGTest)" time="0.0" classname="se.nrm.dina.data.util.UtilNGTest"/>
  <testcase name="testCreateNewInstance on testCreateNewInstance(se.nrm.dina.data.util.UtilNGTest)" time="0.0" classname="se.nrm.dina.data.util.UtilNGTest"/>
  <testcase name="testFailedCreateNewInstance on testFailedCreateNewInstance(se.nrm.dina.data.util.UtilNGTest)" time="0.001" classname="se.nrm.dina.data.util.UtilNGTest"/>
  <testcase name="testValidateEntityName on testValidateEntityName(se.nrm.dina.data.util.UtilNGTest)" time="0.001" classname="se.nrm.dina.data.util.UtilNGTest"/>
  <testcase name="testInvalidateEntityName on testInvalidateEntityName(se.nrm.dina.data.util.UtilNGTest)" time="0.001" classname="se.nrm.dina.data.util.UtilNGTest"/>
  <testcase name="testIsFieldsValid on testIsFieldsValid(se.nrm.dina.data.util.UtilNGTest)" time="0.06" classname="se.nrm.dina.data.util.UtilNGTest"/>
  <testcase name="testIsFieldsValidFailed on testIsFieldsValidFailed(se.nrm.dina.data.util.UtilNGTest)" time="0.002" classname="se.nrm.dina.data.util.UtilNGTest"/>
  <testcase name="testIsFieldsValidFailedExpected on testIsFieldsValidFailedExpected(se.nrm.dina.data.util.UtilNGTest)" time="0.001" classname="se.nrm.dina.data.util.UtilNGTest"/>
  <testcase name="testIsIntField on testIsIntField(se.nrm.dina.data.util.UtilNGTest)" time="0.008" classname="se.nrm.dina.data.util.UtilNGTest"/>
  <testcase name="testIsIntFieldFalse on testIsIntFieldFalse(se.nrm.dina.data.util.UtilNGTest)" time="0.001" classname="se.nrm.dina.data.util.UtilNGTest"/>
  <testcase name="testIsIntegerFieldException on testIsIntegerFieldException(se.nrm.dina.data.util.UtilNGTest)" time="0.001" classname="se.nrm.dina.data.util.UtilNGTest"/>
  <testcase name="testIsIntegerField on testIsIntegerField(se.nrm.dina.data.util.UtilNGTest)" time="0.001" classname="se.nrm.dina.data.util.UtilNGTest"/>
  <testcase name="testIsEntity on testIsEntity(se.nrm.dina.data.util.UtilNGTest)" time="0.001" classname="se.nrm.dina.data.util.UtilNGTest"/>
  <testcase name="testIsEntityFalse on testIsEntityFalse(se.nrm.dina.data.util.UtilNGTest)" time="0.0" classname="se.nrm.dina.data.util.UtilNGTest"/>
  <testcase name="testIsEntityFalseException on testIsEntityFalseException(se.nrm.dina.data.util.UtilNGTest)" time="0.002" classname="se.nrm.dina.data.util.UtilNGTest"/>
  <testcase name="testIsCollection on testIsCollection(se.nrm.dina.data.util.UtilNGTest)" time="0.001" classname="se.nrm.dina.data.util.UtilNGTest"/>
  <testcase name="testGetEntity on testGetEntity(se.nrm.dina.data.util.UtilNGTest)" time="0.001" classname="se.nrm.dina.data.util.UtilNGTest"/>
  <testcase name="testValidateFields on testValidateFields(se.nrm.dina.data.util.UtilNGTest)" time="0.001" classname="se.nrm.dina.data.util.UtilNGTest"/>
  <testcase name="testGetIDFieldName_EntityBean on testGetIDFieldName_EntityBean(se.nrm.dina.data.util.UtilNGTest)" time="0.016" classname="se.nrm.dina.data.util.UtilNGTest"/>
  <testcase name="testGetIDFieldName_String on testGetIDFieldName_String(se.nrm.dina.data.util.UtilNGTest)" time="0.001" classname="se.nrm.dina.data.util.UtilNGTest"/>
  <testcase name="testIsNumric on testIsNumric(se.nrm.dina.data.util.UtilNGTest)" time="0.007" classname="se.nrm.dina.data.util.UtilNGTest"/>
  <testcase name="testMaxLimit on testMaxLimit(se.nrm.dina.data.util.UtilNGTest)" time="0.0" classname="se.nrm.dina.data.util.UtilNGTest"/>
</testsuite> <!-- Surefire test -->
