GROUP,PACKAGE,CLASS,INSTRUCTION_MISSED,INSTRUCTION_COVERED,BRANCH_MISSED,BRANCH_COVERED,LINE_MISSED,LINE_COVERED,COMPLEXITY_MISSED,COMPLEXITY_COVERED,METHOD_MISSED,METHOD_COVERED
dina-datamodel,se.nrm.dina.datamodel,Discipline_,3,0,0,0,1,0,1,0,1,0
dina-datamodel,se.nrm.dina.datamodel,IosTaxonPid,104,0,12,0,25,0,18,0,12,0
dina-datamodel,se.nrm.dina.datamodel,Collection,362,0,12,0,135,0,90,0,84,0
dina-datamodel,se.nrm.dina.datamodel,Latlonpolygon,152,0,12,0,45,0,30,0,24,0
dina-datamodel,se.nrm.dina.datamodel,Latlonpolygon_,3,0,0,0,1,0,1,0,1,0
dina-datamodel,se.nrm.dina.datamodel,Attachmentmetadata_,3,0,0,0,1,0,1,0,1,0
dina-datamodel,se.nrm.dina.datamodel,Lithostrat,264,0,12,0,93,0,62,0,56,0
dina-datamodel,se.nrm.dina.datamodel,Commonnametx,160,0,12,0,49,0,34,0,28,0
dina-datamodel,se.nrm.dina.datamodel,IosGeolocCnt,104,0,12,0,27,0,18,0,12,0
dina-datamodel,se.nrm.dina.datamodel,Division_,3,0,0,0,1,0,1,0,1,0
dina-datamodel,se.nrm.dina.datamodel,Storageattachment_,3,0,0,0,1,0,1,0,1,0
dina-datamodel,se.nrm.dina.datamodel,Autonumberingscheme_,3,0,0,0,1,0,1,0,1,0
dina-datamodel,se.nrm.dina.datamodel,Collection_,3,0,0,0,1,0,1,0,1,0
dina-datamodel,se.nrm.dina.datamodel,Taxoncitation,174,0,12,0,55,0,38,0,32,0
dina-datamodel,se.nrm.dina.datamodel,Exchangeout,244,0,12,0,85,0,58,0,52,0
dina-datamodel,se.nrm.dina.datamodel,Sppermission,132,0,12,0,37,0,26,0,20,0
dina-datamodel,se.nrm.dina.datamodel,Taxonattachment_,3,0,0,0,1,0,1,0,1,0
dina-datamodel,se.nrm.dina.datamodel,Borrow,271,0,12,0,96,0,64,0,58,0
dina-datamodel,se.nrm.dina.datamodel,IosGeogeoCty,104,0,12,0,27,0,18,0,12,0
dina-datamodel,se.nrm.dina.datamodel,IosGeolocCty_,3,0,0,0,1,0,1,0,1,0
dina-datamodel,se.nrm.dina.datamodel,Splocalecontaineritem,211,0,12,0,70,0,46,0,40,0
dina-datamodel,se.nrm.dina.datamodel,IosColobjlitho_,3,0,0,0,1,0,1,0,1,0
dina-datamodel,se.nrm.dina.datamodel,Spreport,170,0,12,0,53,0,36,0,30,0
dina-datamodel,se.nrm.dina.datamodel,Collectingeventattr,149,0,12,0,44,0,30,0,24,0
dina-datamodel,se.nrm.dina.datamodel,Latlonpolygonpnt_,3,0,0,0,1,0,1,0,1,0
dina-datamodel,se.nrm.dina.datamodel,Dnasequencerunattachment,142,0,12,0,41,0,28,0,22,0
dina-datamodel,se.nrm.dina.datamodel,Splocalecontainer,221,0,12,0,74,0,48,0,42,0
dina-datamodel,se.nrm.dina.datamodel,Preparation,329,0,14,0,119,0,81,0,74,0
dina-datamodel,se.nrm.dina.datamodel,Taxontreedef_,3,0,0,0,1,0,1,0,1,0
dina-datamodel,se.nrm.dina.datamodel,Paleocontext,286,0,12,0,103,0,70,0,64,0
dina-datamodel,se.nrm.dina.datamodel,IosColobjagents_,3,0,0,0,1,0,1,0,1,0
dina-datamodel,se.nrm.dina.datamodel,Sgrmatchconfiguration_,3,0,0,0,1,0,1,0,1,0
dina-datamodel,se.nrm.dina.datamodel,Spexportschemamapping_,3,0,0,0,1,0,1,0,1,0
dina-datamodel,se.nrm.dina.datamodel,Institutionnetwork,202,0,12,0,67,0,46,0,40,0
dina-datamodel,se.nrm.dina.datamodel,Loanattachment_,3,0,0,0,1,0,1,0,1,0
dina-datamodel,se.nrm.dina.datamodel,Geoname_,3,0,0,0,1,0,1,0,1,0
dina-datamodel,se.nrm.dina.datamodel,Commonnametxcitation,174,0,12,0,55,0,38,0,32,0
dina-datamodel,se.nrm.dina.datamodel,Storage,271,0,12,0,96,0,64,0,58,0
dina-datamodel,se.nrm.dina.datamodel,Permitattachment,142,0,12,0,41,0,28,0,22,0
dina-datamodel,se.nrm.dina.datamodel,Referencework,331,0,12,0,122,0,82,0,76,0
dina-datamodel,se.nrm.dina.datamodel,Spexportschema_,3,0,0,0,1,0,1,0,1,0
dina-datamodel,se.nrm.dina.datamodel,Workbenchtemplatemappingitem,244,0,12,0,85,0,58,0,52,0
dina-datamodel,se.nrm.dina.datamodel,Attachmentimageattribute,237,0,12,0,82,0,56,0,50,0
dina-datamodel,se.nrm.dina.datamodel,Author_,3,0,0,0,1,0,1,0,1,0
dina-datamodel,se.nrm.dina.datamodel,Datatype_,3,0,0,0,1,0,1,0,1,0
dina-datamodel,se.nrm.dina.datamodel,Borrowmaterial_,3,0,0,0,1,0,1,0,1,0
dina-datamodel,se.nrm.dina.datamodel,Geography_,3,0,0,0,1,0,1,0,1,0
dina-datamodel,se.nrm.dina.datamodel,Spappresourcedata,132,0,12,0,37,0,26,0,20,0
dina-datamodel,se.nrm.dina.datamodel,Loanpreparation_,3,0,0,0,1,0,1,0,1,0
dina-datamodel,se.nrm.dina.datamodel,IosColobjbio,104,0,12,0,25,0,18,0,12,0
dina-datamodel,se.nrm.dina.datamodel,Treatmentevent_,3,0,0,0,1,0,1,0,1,0
dina-datamodel,se.nrm.dina.datamodel,Attachmenttag,128,0,12,0,35,0,24,0,18,0
dina-datamodel,se.nrm.dina.datamodel,Geocoorddetail,258,0,12,0,91,0,62,0,56,0
dina-datamodel,se.nrm.dina.datamodel,IosGeoloc_,3,0,0,0,1,0,1,0,1,0
dina-datamodel,se.nrm.dina.datamodel,Geocoorddetail_,3,0,0,0,1,0,1,0,1,0
dina-datamodel,se.nrm.dina.datamodel,Repositoryagreementattachment,142,0,12,0,41,0,28,0,22,0
dina-datamodel,se.nrm.dina.datamodel,Journal_,3,0,0,0,1,0,1,0,1,0
dina-datamodel,se.nrm.dina.datamodel,Picklist,214,0,12,0,71,0,46,0,40,0
dina-datamodel,se.nrm.dina.datamodel,Sgrbatchmatchresultset,162,0,12,0,49,0,32,0,26,0
dina-datamodel,se.nrm.dina.datamodel,Determinationcitation,142,0,12,0,41,0,28,0,22,0
dina-datamodel,se.nrm.dina.datamodel,Exchangeinprep,173,0,12,0,54,0,37,0,31,0
dina-datamodel,se.nrm.dina.datamodel,Workbenchdataitem,123,0,12,0,33,0,25,0,19,0
dina-datamodel,se.nrm.dina.datamodel,Workbenchrowexportedrelationship,149,0,12,0,44,0,30,0,24,0
dina-datamodel,se.nrm.dina.datamodel,Address,286,0,12,0,103,0,70,0,64,0
dina-datamodel,se.nrm.dina.datamodel,Localitydetail_,3,0,0,0,1,0,1,0,1,0
dina-datamodel,se.nrm.dina.datamodel,Spquery_,3,0,0,0,1,0,1,0,1,0
dina-datamodel,se.nrm.dina.datamodel,Fieldnotebookpageset_,3,0,0,0,1,0,1,0,1,0
dina-datamodel,se.nrm.dina.datamodel,Otheridentifier,152,0,12,0,45,0,30,0,24,0
dina-datamodel,se.nrm.dina.datamodel,Loanreturnpreparation,167,0,12,0,52,0,36,0,30,0
dina-datamodel,se.nrm.dina.datamodel,Locality_,3,0,0,0,1,0,1,0,1,0
dina-datamodel,se.nrm.dina.datamodel,Spappresource,208,0,12,0,69,0,46,0,40,0
dina-datamodel,se.nrm.dina.datamodel,Commonnametxcitation_,3,0,0,0,1,0,1,0,1,0
dina-datamodel,se.nrm.dina.datamodel,Accession_,3,0,0,0,1,0,1,0,1,0
dina-datamodel,se.nrm.dina.datamodel,Agentgeography_,3,0,0,0,1,0,1,0,1,0
dina-datamodel,se.nrm.dina.datamodel,Collectingeventattribute_,3,0,0,0,1,0,1,0,1,0
dina-datamodel,se.nrm.dina.datamodel,IosGeoloc,104,0,12,0,27,0,18,0,12,0
dina-datamodel,se.nrm.dina.datamodel,Dnasequencingrun_,3,0,0,0,1,0,1,0,1,0
dina-datamodel,se.nrm.dina.datamodel,Collectionreltype_,3,0,0,0,1,0,1,0,1,0
dina-datamodel,se.nrm.dina.datamodel,Exchangeoutprep,177,0,12,0,56,0,38,0,32,0
dina-datamodel,se.nrm.dina.datamodel,Division,286,0,12,0,103,0,70,0,64,0
dina-datamodel,se.nrm.dina.datamodel,Dnasequence,317,0,12,0,116,0,78,0,72,0
dina-datamodel,se.nrm.dina.datamodel,Taxontreedefitem,215,0,12,0,72,0,48,0,42,0
dina-datamodel,se.nrm.dina.datamodel,Conserveventattachment_,3,0,0,0,1,0,1,0,1,0
dina-datamodel,se.nrm.dina.datamodel,Referencework_,3,0,0,0,1,0,1,0,1,0
dina-datamodel,se.nrm.dina.datamodel,Lithostrattreedef,156,0,12,0,47,0,32,0,26,0
dina-datamodel,se.nrm.dina.datamodel,Fieldnotebookpageattachment,142,0,12,0,41,0,28,0,22,0
dina-datamodel,se.nrm.dina.datamodel,Taxoncitation_,3,0,0,0,1,0,1,0,1,0
dina-datamodel,se.nrm.dina.datamodel,Agentattachment,142,0,12,0,41,0,28,0,22,0
dina-datamodel,se.nrm.dina.datamodel,Conservdescriptionattachment_,3,0,0,0,1,0,1,0,1,0
dina-datamodel,se.nrm.dina.datamodel,Dnasequencingrun,331,0,12,0,122,0,82,0,76,0
dina-datamodel,se.nrm.dina.datamodel,Specifyuser,295,0,12,0,106,0,70,0,64,0
dina-datamodel,se.nrm.dina.datamodel,Addressofrecord_,3,0,0,0,1,0,1,0,1,0
dina-datamodel,se.nrm.dina.datamodel,Lithostrattreedefitem,208,0,12,0,69,0,46,0,40,0
dina-datamodel,se.nrm.dina.datamodel,Autonumberingscheme,173,0,12,0,54,0,36,0,30,0
dina-datamodel,se.nrm.dina.datamodel,Storagetreedef_,3,0,0,0,1,0,1,0,1,0
dina-datamodel,se.nrm.dina.datamodel,Dnasequenceattachment_,3,0,0,0,1,0,1,0,1,0
dina-datamodel,se.nrm.dina.datamodel,Sptasksemaphore_,3,0,0,0,1,0,1,0,1,0
dina-datamodel,se.nrm.dina.datamodel,Workbenchrowexportedrelationship_,3,0,0,0,1,0,1,0,1,0
dina-datamodel,se.nrm.dina.datamodel,Collectionobject_,3,0,0,0,1,0,1,0,1,0
dina-datamodel,se.nrm.dina.datamodel,BaseEntity_,3,0,0,0,1,0,1,0,1,0
dina-datamodel,se.nrm.dina.datamodel,IosColobjgeo_,3,0,0,0,1,0,1,0,1,0
dina-datamodel,se.nrm.dina.datamodel,Localitycitation,139,0,12,0,40,0,28,0,22,0
dina-datamodel,se.nrm.dina.datamodel,Recordset,207,0,12,0,68,0,44,0,38,0
dina-datamodel,se.nrm.dina.datamodel,Conservevent,293,0,12,0,106,0,72,0,66,0
dina-datamodel,se.nrm.dina.datamodel,Dnasequencingruncitation_,3,0,0,0,1,0,1,0,1,0
dina-datamodel,se.nrm.dina.datamodel,Exchangein_,3,0,0,0,1,0,1,0,1,0
dina-datamodel,se.nrm.dina.datamodel,Preparationattachment,152,0,12,0,45,0,30,0,24,0
dina-datamodel,se.nrm.dina.datamodel,Gift_,3,0,0,0,1,0,1,0,1,0
dina-datamodel,se.nrm.dina.datamodel,Sgrmatchconfiguration,181,0,12,0,58,0,34,0,28,0
dina-datamodel,se.nrm.dina.datamodel,Dnasequencingruncitation,174,0,12,0,55,0,38,0,32,0
dina-datamodel,se.nrm.dina.datamodel,Deaccession,202,0,12,0,67,0,46,0,40,0
dina-datamodel,se.nrm.dina.datamodel,Collectionobjectcitation,149,0,12,0,44,0,30,0,24,0
dina-datamodel,se.nrm.dina.datamodel,Otheridentifier_,3,0,0,0,1,0,1,0,1,0
dina-datamodel,se.nrm.dina.datamodel,Geographytreedef_,3,0,0,0,1,0,1,0,1,0
dina-datamodel,se.nrm.dina.datamodel,Permit_,3,0,0,0,1,0,1,0,1,0
dina-datamodel,se.nrm.dina.datamodel,Repositoryagreement_,3,0,0,0,1,0,1,0,1,0
dina-datamodel,se.nrm.dina.datamodel,Localitydetail,447,0,12,0,172,0,116,0,110,0
dina-datamodel,se.nrm.dina.datamodel,Inforequest,191,0,12,0,62,0,42,0,36,0
dina-datamodel,se.nrm.dina.datamodel,Giftattachment_,3,0,0,0,1,0,1,0,1,0
dina-datamodel,se.nrm.dina.datamodel,Discipline,370,0,12,0,139,0,94,0,88,0
dina-datamodel,se.nrm.dina.datamodel,Geologictimeperiodtreedefitem,208,0,12,0,69,0,46,0,40,0
dina-datamodel,se.nrm.dina.datamodel,Sgrbatchmatchresultset_,3,0,0,0,1,0,1,0,1,0
dina-datamodel,se.nrm.dina.datamodel,Accessionattachment,142,0,12,0,41,0,28,0,22,0
dina-datamodel,se.nrm.dina.datamodel,Collectionobjectattachment,152,0,12,0,45,0,30,0,24,0
dina-datamodel,se.nrm.dina.datamodel,Giftagent,149,0,12,0,44,0,30,0,24,0
dina-datamodel,se.nrm.dina.datamodel,Exsiccata,135,0,12,0,38,0,26,0,20,0
dina-datamodel,se.nrm.dina.datamodel,IosColobjagents,104,0,12,0,25,0,18,0,12,0
dina-datamodel,se.nrm.dina.datamodel,Preparationattr,149,0,12,0,44,0,30,0,24,0
dina-datamodel,se.nrm.dina.datamodel,Container,184,0,12,0,59,0,40,0,34,0
dina-datamodel,se.nrm.dina.datamodel,Latlonpolygonpnt,141,0,12,0,40,0,26,0,20,0
dina-datamodel,se.nrm.dina.datamodel,Borrow_,3,0,0,0,1,0,1,0,1,0
dina-datamodel,se.nrm.dina.datamodel,Geoname,221,0,12,0,75,0,53,0,47,0
dina-datamodel,se.nrm.dina.datamodel,Institution,372,0,12,0,139,0,92,0,86,0
dina-datamodel,se.nrm.dina.datamodel,Spexportschemaitemmapping,146,0,12,0,43,0,30,0,24,0
dina-datamodel,se.nrm.dina.datamodel,Attributedef,167,0,12,0,52,0,36,0,30,0
dina-datamodel,se.nrm.dina.datamodel,Datatype,125,0,12,0,34,0,24,0,18,0
dina-datamodel,se.nrm.dina.datamodel,Storagetreedefitem_,3,0,0,0,1,0,1,0,1,0
dina-datamodel,se.nrm.dina.datamodel,Borrowagent,152,0,12,0,45,0,30,0,24,0
dina-datamodel,se.nrm.dina.datamodel,Fieldnotebook_,3,0,0,0,1,0,1,0,1,0
dina-datamodel,se.nrm.dina.datamodel,Agentspecialty,138,0,12,0,39,0,26,0,20,0
dina-datamodel,se.nrm.dina.datamodel,Borrowreturnmaterial,156,0,12,0,47,0,32,0,26,0
dina-datamodel,se.nrm.dina.datamodel,Collectionreltype,146,0,12,0,43,0,30,0,24,0
dina-datamodel,se.nrm.dina.datamodel,Storagetreedef,156,0,12,0,47,0,32,0,26,0
dina-datamodel,se.nrm.dina.datamodel,Collectingeventattachment_,3,0,0,0,1,0,1,0,1,0
dina-datamodel,se.nrm.dina.datamodel,Collectionobjectattr,149,0,12,0,44,0,30,0,24,0
dina-datamodel,se.nrm.dina.datamodel,Workbenchtemplatemappingitem_,3,0,0,0,1,0,1,0,1,0
dina-datamodel,se.nrm.dina.datamodel,Deaccessionagent,142,0,12,0,41,0,28,0,22,0
dina-datamodel,se.nrm.dina.datamodel,Spfieldvaluedefault,149,0,12,0,44,0,30,0,24,0
dina-datamodel,se.nrm.dina.datamodel,Determination,306,0,12,0,111,0,74,0,68,0
dina-datamodel,se.nrm.dina.datamodel,Locality,439,0,12,0,168,0,112,0,106,0
dina-datamodel,se.nrm.dina.datamodel,Geologictimeperiodtreedefitem_,3,0,0,0,1,0,1,0,1,0
dina-datamodel,se.nrm.dina.datamodel,IosColobjchron_,3,0,0,0,1,0,1,0,1,0
dina-datamodel,se.nrm.dina.datamodel,Preptype,152,0,12,0,45,0,30,0,24,0
dina-datamodel,se.nrm.dina.datamodel,IosColobjlitho,104,0,12,0,25,0,18,0,12,0
dina-datamodel,se.nrm.dina.datamodel,Lithostrattreedefitem_,3,0,0,0,1,0,1,0,1,0
dina-datamodel,se.nrm.dina.datamodel,Spviewsetobj_,3,0,0,0,1,0,1,0,1,0
dina-datamodel,se.nrm.dina.datamodel,Institution_,3,0,0,0,1,0,1,0,1,0
dina-datamodel,se.nrm.dina.datamodel,Agent_,3,0,0,0,1,0,1,0,1,0
dina-datamodel,se.nrm.dina.datamodel,Collectionobjectattachment_,3,0,0,0,1,0,1,0,1,0
dina-datamodel,se.nrm.dina.datamodel,Loanagent,149,0,12,0,44,0,30,0,24,0
dina-datamodel,se.nrm.dina.datamodel,Commonnametx_,3,0,0,0,1,0,1,0,1,0
dina-datamodel,se.nrm.dina.datamodel,Geologictimeperiodtreedef,156,0,12,0,47,0,32,0,26,0
dina-datamodel,se.nrm.dina.datamodel,Spversion,153,0,12,0,46,0,32,0,26,0
dina-datamodel,se.nrm.dina.datamodel,IosGeogeoCnt_,3,0,0,0,1,0,1,0,1,0
dina-datamodel,se.nrm.dina.datamodel,Spappresourcedata_,3,0,0,0,1,0,1,0,1,0
dina-datamodel,se.nrm.dina.datamodel,Attachmentmetadata,138,0,12,0,39,0,26,0,20,0
dina-datamodel,se.nrm.dina.datamodel,Sppermission_,3,0,0,0,1,0,1,0,1,0
dina-datamodel,se.nrm.dina.datamodel,Agent,2627,0,12,0,1106,0,738,0,732,0
dina-datamodel,se.nrm.dina.datamodel,Groupperson,149,0,12,0,44,0,30,0,24,0
dina-datamodel,se.nrm.dina.datamodel,Shipment_,3,0,0,0,1,0,1,0,1,0
dina-datamodel,se.nrm.dina.datamodel,Workbenchrowimage,123,0,12,0,33,0,25,0,19,0
dina-datamodel,se.nrm.dina.datamodel,Exchangein,237,0,12,0,82,0,56,0,50,0
dina-datamodel,se.nrm.dina.datamodel,Shipment,261,0,12,0,92,0,62,0,56,0
dina-datamodel,se.nrm.dina.datamodel,Specifyuser_,3,0,0,0,1,0,1,0,1,0
dina-datamodel,se.nrm.dina.datamodel,Taxonattachment,142,0,12,0,41,0,28,0,22,0
dina-datamodel,se.nrm.dina.datamodel,Geographytreedefitem_,3,0,0,0,1,0,1,0,1,0
dina-datamodel,se.nrm.dina.datamodel,Spqueryfield_,3,0,0,0,1,0,1,0,1,0
dina-datamodel,se.nrm.dina.datamodel,Loanreturnpreparation_,3,0,0,0,1,0,1,0,1,0
dina-datamodel,se.nrm.dina.datamodel,Spexportschemaitem,160,0,12,0,49,0,34,0,28,0
dina-datamodel,se.nrm.dina.datamodel,Addressofrecord,216,0,12,0,73,0,50,0,44,0
dina-datamodel,se.nrm.dina.datamodel,BaseEntity,24,0,0,0,11,0,7,0,7,0
dina-datamodel,se.nrm.dina.datamodel,IosColobjgeo,104,0,12,0,25,0,18,0,12,0
dina-datamodel,se.nrm.dina.datamodel,Project_,3,0,0,0,1,0,1,0,1,0
dina-datamodel,se.nrm.dina.datamodel,Accession,308,0,14,0,110,0,75,0,68,0
dina-datamodel,se.nrm.dina.datamodel,Spauditlog_,3,0,0,0,1,0,1,0,1,0
dina-datamodel,se.nrm.dina.datamodel,Accessionagent_,3,0,0,0,1,0,1,0,1,0
dina-datamodel,se.nrm.dina.datamodel,IosGeogeoCnt,104,0,12,0,27,0,18,0,12,0
dina-datamodel,se.nrm.dina.datamodel,Localityattachment,142,0,12,0,41,0,28,0,22,0
dina-datamodel,se.nrm.dina.datamodel,Borrowreturnmaterial_,3,0,0,0,1,0,1,0,1,0
dina-datamodel,se.nrm.dina.datamodel,Fieldnotebookpagesetattachment,142,0,12,0,41,0,28,0,22,0
dina-datamodel,se.nrm.dina.datamodel,Splocaleitemstr,173,0,12,0,54,0,36,0,30,0
dina-datamodel,se.nrm.dina.datamodel,Agentattachment_,3,0,0,0,1,0,1,0,1,0
dina-datamodel,se.nrm.dina.datamodel,Borrowagent_,3,0,0,0,1,0,1,0,1,0
dina-datamodel,se.nrm.dina.datamodel,Deaccession_,3,0,0,0,1,0,1,0,1,0
dina-datamodel,se.nrm.dina.datamodel,Treatmentevent,216,0,12,0,73,0,50,0,44,0
dina-datamodel,se.nrm.dina.datamodel,Appraisal,173,0,12,0,54,0,36,0,30,0
dina-datamodel,se.nrm.dina.datamodel,Conservevent_,3,0,0,0,1,0,1,0,1,0
dina-datamodel,se.nrm.dina.datamodel,Agentspecialty_,3,0,0,0,1,0,1,0,1,0
dina-datamodel,se.nrm.dina.datamodel,Storagetreedefitem,208,0,12,0,69,0,46,0,40,0
dina-datamodel,se.nrm.dina.datamodel,Address_,3,0,0,0,1,0,1,0,1,0
dina-datamodel,se.nrm.dina.datamodel,Recordsetitem,118,0,12,0,31,0,22,0,16,0
dina-datamodel,se.nrm.dina.datamodel,Institutionnetwork_,3,0,0,0,1,0,1,0,1,0
dina-datamodel,se.nrm.dina.datamodel,Localitynamealias,145,0,12,0,42,0,28,0,22,0
dina-datamodel,se.nrm.dina.datamodel,Spsymbiotainstance,177,0,12,0,56,0,38,0,32,0
dina-datamodel,se.nrm.dina.datamodel,Spsymbiotainstance_,3,0,0,0,1,0,1,0,1,0
dina-datamodel,se.nrm.dina.datamodel,Taxon_,3,0,0,0,1,0,1,0,1,0
dina-datamodel,se.nrm.dina.datamodel,Author,142,0,12,0,41,0,28,0,22,0
dina-datamodel,se.nrm.dina.datamodel,Accessionattachment_,3,0,0,0,1,0,1,0,1,0
dina-datamodel,se.nrm.dina.datamodel,Collectionobjectcitation_,3,0,0,0,1,0,1,0,1,0
dina-datamodel,se.nrm.dina.datamodel,Spfieldvaluedefault_,3,0,0,0,1,0,1,0,1,0
dina-datamodel,se.nrm.dina.datamodel,Exsiccataitem_,3,0,0,0,1,0,1,0,1,0
dina-datamodel,se.nrm.dina.datamodel,Container_,3,0,0,0,1,0,1,0,1,0
dina-datamodel,se.nrm.dina.datamodel,Collector,159,0,12,0,48,0,32,0,26,0
dina-datamodel,se.nrm.dina.datamodel,Fieldnotebook,181,0,12,0,58,0,40,0,34,0
dina-datamodel,se.nrm.dina.datamodel,Spvisualquery_,3,0,0,0,1,0,1,0,1,0
dina-datamodel,se.nrm.dina.datamodel,Inforequest_,3,0,0,0,1,0,1,0,1,0
dina-datamodel,se.nrm.dina.datamodel,Conservdescription,230,0,12,0,79,0,54,0,48,0
dina-datamodel,se.nrm.dina.datamodel,Permit,240,0,12,0,83,0,56,0,50,0
dina-datamodel,se.nrm.dina.datamodel,Attachmentimageattribute_,3,0,0,0,1,0,1,0,1,0
dina-datamodel,se.nrm.dina.datamodel,Conservdescription_,3,0,0,0,1,0,1,0,1,0
dina-datamodel,se.nrm.dina.datamodel,Project,240,0,12,0,83,0,56,0,50,0
dina-datamodel,se.nrm.dina.datamodel,Fundingagent,172,0,12,0,53,0,34,0,28,0
dina-datamodel,se.nrm.dina.datamodel,Workbenchdataitem_,3,0,0,0,1,0,1,0,1,0
dina-datamodel,se.nrm.dina.datamodel,Countryinfo_,3,0,0,0,1,0,1,0,1,0
dina-datamodel,se.nrm.dina.datamodel,Spquery,218,0,12,0,73,0,48,0,42,0
dina-datamodel,se.nrm.dina.datamodel,Collectingeventattr_,3,0,0,0,1,0,1,0,1,0
dina-datamodel,se.nrm.dina.datamodel,Collectionrelationship,146,0,12,0,43,0,30,0,24,0
dina-datamodel,se.nrm.dina.datamodel,Conserveventattachment,142,0,12,0,41,0,28,0,22,0
dina-datamodel,se.nrm.dina.datamodel,Groupperson_,3,0,0,0,1,0,1,0,1,0
dina-datamodel,se.nrm.dina.datamodel,Conservdescriptionattachment,142,0,12,0,41,0,28,0,22,0
dina-datamodel,se.nrm.dina.datamodel,Fieldnotebookpage,163,0,12,0,50,0,34,0,28,0
dina-datamodel,se.nrm.dina.datamodel,Attachmenttag_,3,0,0,0,1,0,1,0,1,0
dina-datamodel,se.nrm.dina.datamodel,Localityattachment_,3,0,0,0,1,0,1,0,1,0
dina-datamodel,se.nrm.dina.datamodel,Workbenchtemplate_,3,0,0,0,1,0,1,0,1,0
dina-datamodel,se.nrm.dina.datamodel,Journal,167,0,12,0,52,0,36,0,30,0
dina-datamodel,se.nrm.dina.datamodel,Workbench_,3,0,0,0,1,0,1,0,1,0
dina-datamodel,se.nrm.dina.datamodel,Workbenchrowimage_,3,0,0,0,1,0,1,0,1,0
dina-datamodel,se.nrm.dina.datamodel,Spexportschemaitem_,3,0,0,0,1,0,1,0,1,0
dina-datamodel,se.nrm.dina.datamodel,Gift,275,0,12,0,98,0,66,0,60,0
dina-datamodel,se.nrm.dina.datamodel,Spvisualquery,138,0,12,0,39,0,26,0,20,0
dina-datamodel,se.nrm.dina.datamodel,Dnasequenceattachment,142,0,12,0,41,0,28,0,22,0
dina-datamodel,se.nrm.dina.datamodel,Dnasequencerunattachment_,3,0,0,0,1,0,1,0,1,0
dina-datamodel,se.nrm.dina.datamodel,IosColobjbio_,3,0,0,0,1,0,1,0,1,0
dina-datamodel,se.nrm.dina.datamodel,Exchangeinprep_,3,0,0,0,1,0,1,0,1,0
dina-datamodel,se.nrm.dina.datamodel,Workbench,216,0,12,0,73,0,50,0,44,0
dina-datamodel,se.nrm.dina.datamodel,Giftpreparation_,3,0,0,0,1,0,1,0,1,0
dina-datamodel,se.nrm.dina.datamodel,Collectingeventattachment,152,0,12,0,45,0,30,0,24,0
dina-datamodel,se.nrm.dina.datamodel,Collectingtrip_,3,0,0,0,1,0,1,0,1,0
dina-datamodel,se.nrm.dina.datamodel,Workbenchrow_,3,0,0,0,1,0,1,0,1,0
dina-datamodel,se.nrm.dina.datamodel,IosGeolocCty,104,0,12,0,27,0,18,0,12,0
dina-datamodel,se.nrm.dina.datamodel,Geologictimeperiodtreedef_,3,0,0,0,1,0,1,0,1,0
dina-datamodel,se.nrm.dina.datamodel,Sgrbatchmatchresultitem_,3,0,0,0,1,0,1,0,1,0
dina-datamodel,se.nrm.dina.datamodel,Collector_,3,0,0,0,1,0,1,0,1,0
dina-datamodel,se.nrm.dina.datamodel,Borrowmaterial,187,0,12,0,60,0,40,0,34,0
dina-datamodel,se.nrm.dina.datamodel,Taxontreedef,156,0,12,0,47,0,32,0,26,0
dina-datamodel,se.nrm.dina.datamodel,Exsiccata_,3,0,0,0,1,0,1,0,1,0
dina-datamodel,se.nrm.dina.datamodel,Appraisal_,3,0,0,0,1,0,1,0,1,0
dina-datamodel,se.nrm.dina.datamodel,Spviewsetobj,166,0,12,0,51,0,34,0,28,0
dina-datamodel,se.nrm.dina.datamodel,Collectingevent,349,0,12,0,130,0,88,0,82,0
dina-datamodel,se.nrm.dina.datamodel,Repositoryagreement,254,0,12,0,89,0,60,0,54,0
dina-datamodel,se.nrm.dina.datamodel,Fieldnotebookpagesetattachment_,3,0,0,0,1,0,1,0,1,0
dina-datamodel,se.nrm.dina.datamodel,Spappresource_,3,0,0,0,1,0,1,0,1,0
dina-datamodel,se.nrm.dina.datamodel,Spversion_,3,0,0,0,1,0,1,0,1,0
dina-datamodel,se.nrm.dina.datamodel,Fieldnotebookpage_,3,0,0,0,1,0,1,0,1,0
dina-datamodel,se.nrm.dina.datamodel,Preparation_,3,0,0,0,1,0,1,0,1,0
dina-datamodel,se.nrm.dina.datamodel,Fieldnotebookpageset,181,0,12,0,58,0,40,0,34,0
dina-datamodel,se.nrm.dina.datamodel,Geographytreedefitem,208,0,12,0,69,0,46,0,40,0
dina-datamodel,se.nrm.dina.datamodel,Collectionrelationship_,3,0,0,0,1,0,1,0,1,0
dina-datamodel,se.nrm.dina.datamodel,Collectingtrip,279,0,12,0,100,0,68,0,62,0
dina-datamodel,se.nrm.dina.datamodel,IosGeolocCnt_,3,0,0,0,1,0,1,0,1,0
dina-datamodel,se.nrm.dina.datamodel,Workbenchrow,186,0,12,0,60,0,43,0,37,0
dina-datamodel,se.nrm.dina.datamodel,Splocalecontainer_,3,0,0,0,1,0,1,0,1,0
dina-datamodel,se.nrm.dina.datamodel,Spappresourcedir,170,0,12,0,53,0,36,0,30,0
dina-datamodel,se.nrm.dina.datamodel,Lithostrattreedef_,3,0,0,0,1,0,1,0,1,0
dina-datamodel,se.nrm.dina.datamodel,Accessionagent,149,0,12,0,44,0,30,0,24,0
dina-datamodel,se.nrm.dina.datamodel,Giftpreparation,167,0,12,0,52,0,36,0,30,0
dina-datamodel,se.nrm.dina.datamodel,Determination_,3,0,0,0,1,0,1,0,1,0
dina-datamodel,se.nrm.dina.datamodel,Collectionobjectattribute,618,0,12,0,245,0,164,0,158,0
dina-datamodel,se.nrm.dina.datamodel,IosColobjcnts,104,0,12,0,25,0,18,0,12,0
dina-datamodel,se.nrm.dina.datamodel,Loan,317,0,12,0,116,0,78,0,72,0
dina-datamodel,se.nrm.dina.datamodel,Loanpreparation,198,0,12,0,65,0,44,0,38,0
dina-datamodel,se.nrm.dina.datamodel,Loan_,3,0,0,0,1,0,1,0,1,0
dina-datamodel,se.nrm.dina.datamodel,Repositoryagreementattachment_,3,0,0,0,1,0,1,0,1,0
dina-datamodel,se.nrm.dina.datamodel,Exchangeoutprep_,3,0,0,0,1,0,1,0,1,0
dina-datamodel,se.nrm.dina.datamodel,Deaccessionagent_,3,0,0,0,1,0,1,0,1,0
dina-datamodel,se.nrm.dina.datamodel,Exsiccataitem,139,0,12,0,40,0,28,0,22,0
dina-datamodel,se.nrm.dina.datamodel,Localitynamealias_,3,0,0,0,1,0,1,0,1,0
dina-datamodel,se.nrm.dina.datamodel,Spauditlogfield,148,0,12,0,43,0,28,0,22,0
dina-datamodel,se.nrm.dina.datamodel,Determinationcitation_,3,0,0,0,1,0,1,0,1,0
dina-datamodel,se.nrm.dina.datamodel,Storageattachment,142,0,12,0,41,0,28,0,22,0
dina-datamodel,se.nrm.dina.datamodel,Geologictimeperiod,292,0,12,0,105,0,70,0,64,0
dina-datamodel,se.nrm.dina.datamodel,Sgrbatchmatchresultitem,131,0,12,0,36,0,24,0,18,0
dina-datamodel,se.nrm.dina.datamodel,Taxon,551,0,12,0,216,0,144,0,138,0
dina-datamodel,se.nrm.dina.datamodel,Picklist_,3,0,0,0,1,0,1,0,1,0
dina-datamodel,se.nrm.dina.datamodel,Agentvariant_,3,0,0,0,1,0,1,0,1,0
dina-datamodel,se.nrm.dina.datamodel,IosGeogeoCty_,3,0,0,0,1,0,1,0,1,0
dina-datamodel,se.nrm.dina.datamodel,Preparationattachment_,3,0,0,0,1,0,1,0,1,0
dina-datamodel,se.nrm.dina.datamodel,Spprincipal_,3,0,0,0,1,0,1,0,1,0
dina-datamodel,se.nrm.dina.datamodel,Fundingagent_,3,0,0,0,1,0,1,0,1,0
dina-datamodel,se.nrm.dina.datamodel,Preparationattribute,415,0,12,0,158,0,106,0,100,0
dina-datamodel,se.nrm.dina.datamodel,Picklistitem_,3,0,0,0,1,0,1,0,1,0
dina-datamodel,se.nrm.dina.datamodel,Spprincipal,197,0,12,0,64,0,42,0,36,0
dina-datamodel,se.nrm.dina.datamodel,Storage_,3,0,0,0,1,0,1,0,1,0
dina-datamodel,se.nrm.dina.datamodel,Splocalecontaineritem_,3,0,0,0,1,0,1,0,1,0
dina-datamodel,se.nrm.dina.datamodel,IosTaxonPid_,3,0,0,0,1,0,1,0,1,0
dina-datamodel,se.nrm.dina.datamodel,Lithostrat_,3,0,0,0,1,0,1,0,1,0
dina-datamodel,se.nrm.dina.datamodel,IosColobjchron,104,0,12,0,25,0,18,0,12,0
dina-datamodel,se.nrm.dina.datamodel,Loanattachment,142,0,12,0,41,0,28,0,22,0
dina-datamodel,se.nrm.dina.datamodel,Morphbankview,174,0,12,0,55,0,38,0,32,0
dina-datamodel,se.nrm.dina.datamodel,Preparationattribute_,3,0,0,0,1,0,1,0,1,0
dina-datamodel,se.nrm.dina.datamodel,Referenceworkattachment_,3,0,0,0,1,0,1,0,1,0
dina-datamodel,se.nrm.dina.datamodel,Attributedef_,3,0,0,0,1,0,1,0,1,0
dina-datamodel,se.nrm.dina.datamodel,Referenceworkattachment,148,0,12,0,43,0,28,0,22,0
dina-datamodel,se.nrm.dina.datamodel,Geographytreedef,156,0,12,0,47,0,32,0,26,0
dina-datamodel,se.nrm.dina.datamodel,Countryinfo,205,0,12,0,69,0,49,0,43,0
dina-datamodel,se.nrm.dina.datamodel,Agentgeography,139,0,12,0,40,0,28,0,22,0
dina-datamodel,se.nrm.dina.datamodel,Geography,313,0,12,0,114,0,76,0,70,0
dina-datamodel,se.nrm.dina.datamodel,Attachment,377,0,12,0,142,0,96,0,90,0
dina-datamodel,se.nrm.dina.datamodel,Spqueryfield,275,0,12,0,96,0,60,0,54,0
dina-datamodel,se.nrm.dina.datamodel,Spauditlogfield_,3,0,0,0,1,0,1,0,1,0
dina-datamodel,se.nrm.dina.datamodel,Borrowattachment,148,0,12,0,43,0,28,0,22,0
dina-datamodel,se.nrm.dina.datamodel,Collectingeventattribute,384,0,12,0,145,0,98,0,92,0
dina-datamodel,se.nrm.dina.datamodel,Borrowattachment_,3,0,0,0,1,0,1,0,1,0
dina-datamodel,se.nrm.dina.datamodel,Taxontreedefitem_,3,0,0,0,1,0,1,0,1,0
dina-datamodel,se.nrm.dina.datamodel,Spappresourcedir_,3,0,0,0,1,0,1,0,1,0
dina-datamodel,se.nrm.dina.datamodel,Morphbankview_,3,0,0,0,1,0,1,0,1,0
dina-datamodel,se.nrm.dina.datamodel,IosColobjcnts_,3,0,0,0,1,0,1,0,1,0
dina-datamodel,se.nrm.dina.datamodel,Giftagent_,3,0,0,0,1,0,1,0,1,0
dina-datamodel,se.nrm.dina.datamodel,Recordset_,3,0,0,0,1,0,1,0,1,0
dina-datamodel,se.nrm.dina.datamodel,Loanagent_,3,0,0,0,1,0,1,0,1,0
dina-datamodel,se.nrm.dina.datamodel,Exchangeout_,3,0,0,0,1,0,1,0,1,0
dina-datamodel,se.nrm.dina.datamodel,Geologictimeperiod_,3,0,0,0,1,0,1,0,1,0
dina-datamodel,se.nrm.dina.datamodel,Agentvariant,156,0,12,0,47,0,32,0,26,0
dina-datamodel,se.nrm.dina.datamodel,Recordsetitem_,3,0,0,0,1,0,1,0,1,0
dina-datamodel,se.nrm.dina.datamodel,Preparationattr_,3,0,0,0,1,0,1,0,1,0
dina-datamodel,se.nrm.dina.datamodel,Sptasksemaphore,181,0,12,0,58,0,40,0,34,0
dina-datamodel,se.nrm.dina.datamodel,Paleocontext_,3,0,0,0,1,0,1,0,1,0
dina-datamodel,se.nrm.dina.datamodel,Spauditlog,166,0,12,0,51,0,34,0,28,0
dina-datamodel,se.nrm.dina.datamodel,Fieldnotebookattachment_,3,0,0,0,1,0,1,0,1,0
dina-datamodel,se.nrm.dina.datamodel,Collectionobjectattr_,3,0,0,0,1,0,1,0,1,0
dina-datamodel,se.nrm.dina.datamodel,Localitycitation_,3,0,0,0,1,0,1,0,1,0
dina-datamodel,se.nrm.dina.datamodel,Splocaleitemstr_,3,0,0,0,1,0,1,0,1,0
dina-datamodel,se.nrm.dina.datamodel,Spexportschemaitemmapping_,3,0,0,0,1,0,1,0,1,0
dina-datamodel,se.nrm.dina.datamodel,Accessionauthorization_,3,0,0,0,1,0,1,0,1,0
dina-datamodel,se.nrm.dina.datamodel,Collectingevent_,3,0,0,0,1,0,1,0,1,0
dina-datamodel,se.nrm.dina.datamodel,Deaccessionpreparation,146,0,12,0,43,0,30,0,24,0
dina-datamodel,se.nrm.dina.datamodel,Accessionauthorization,139,0,12,0,40,0,28,0,22,0
dina-datamodel,se.nrm.dina.datamodel,Deaccessionpreparation_,3,0,0,0,1,0,1,0,1,0
dina-datamodel,se.nrm.dina.datamodel,Fieldnotebookpageattachment_,3,0,0,0,1,0,1,0,1,0
dina-datamodel,se.nrm.dina.datamodel,Collectionobject,581,0,14,0,227,0,153,0,146,0
dina-datamodel,se.nrm.dina.datamodel,Spexportschema,153,0,12,0,46,0,32,0,26,0
dina-datamodel,se.nrm.dina.datamodel,Spreport_,3,0,0,0,1,0,1,0,1,0
dina-datamodel,se.nrm.dina.datamodel,Dnasequence_,3,0,0,0,1,0,1,0,1,0
dina-datamodel,se.nrm.dina.datamodel,Picklistitem,142,0,12,0,41,0,28,0,22,0
dina-datamodel,se.nrm.dina.datamodel,Spexportschemamapping,160,0,12,0,49,0,34,0,28,0
dina-datamodel,se.nrm.dina.datamodel,Preptype_,3,0,0,0,1,0,1,0,1,0
dina-datamodel,se.nrm.dina.datamodel,Workbenchtemplate,160,0,12,0,49,0,34,0,28,0
dina-datamodel,se.nrm.dina.datamodel,Collectionobjectattribute_,3,0,0,0,1,0,1,0,1,0
dina-datamodel,se.nrm.dina.datamodel,Permitattachment_,3,0,0,0,1,0,1,0,1,0
dina-datamodel,se.nrm.dina.datamodel,Giftattachment,148,0,12,0,43,0,28,0,22,0
dina-datamodel,se.nrm.dina.datamodel,Fieldnotebookattachment,142,0,12,0,41,0,28,0,22,0
dina-datamodel,se.nrm.dina.datamodel,Attachment_,3,0,0,0,1,0,1,0,1,0
dina-datamodel,se.nrm.dina.datamodel.util,Util,0,19,1,1,0,7,1,4,0,4
