<?xml version="1.0" encoding="UTF-8"?>
<testng-results skipped="0" failed="0" total="34" passed="34">
  <reporter-output>
  </reporter-output>
  <suite name="Surefire suite" duration-ms="736" started-at="2016-02-16T15:32:40Z" finished-at="2016-02-16T15:32:40Z">
    <groups>
    </groups>
    <test name="Surefire test" duration-ms="736" started-at="2016-02-16T15:32:40Z" finished-at="2016-02-16T15:32:40Z">
      <class name="se.nrm.dina.data.jpa.DinaDaoImplTest">
        <test-method status="PASS" signature="testDinaDaoImplConstractor()[pri:0, instance:testDinaDaoImplConstractor(se.nrm.dina.data.jpa.DinaDaoImplTest)]" name="testDinaDaoImplConstractor" duration-ms="244" started-at="2016-02-16T16:32:40Z" finished-at="2016-02-16T16:32:40Z">
          <reporter-output>
          </reporter-output>
        </test-method> <!-- testDinaDaoImplConstractor -->
        <test-method status="PASS" signature="testFindAll()[pri:0, instance:testFindAll(se.nrm.dina.data.jpa.DinaDaoImplTest)]" name="testFindAll" duration-ms="45" started-at="2016-02-16T16:32:40Z" finished-at="2016-02-16T16:32:40Z">
          <reporter-output>
          </reporter-output>
        </test-method> <!-- testFindAll -->
        <test-method status="PASS" signature="testFindAllWithConditionsException()[pri:0, instance:testFindAllWithConditionsException(se.nrm.dina.data.jpa.DinaDaoImplTest)]" name="testFindAllWithConditionsException" duration-ms="44" started-at="2016-02-16T16:32:40Z" finished-at="2016-02-16T16:32:40Z">
          <reporter-output>
          </reporter-output>
        </test-method> <!-- testFindAllWithConditionsException -->
        <test-method status="PASS" signature="testFindAllWithConditions1()[pri:0, instance:testFindAllWithConditions1(se.nrm.dina.data.jpa.DinaDaoImplTest)]" name="testFindAllWithConditions1" duration-ms="10" started-at="2016-02-16T16:32:40Z" finished-at="2016-02-16T16:32:40Z">
          <reporter-output>
          </reporter-output>
        </test-method> <!-- testFindAllWithConditions1 -->
        <test-method status="PASS" signature="testFindAllWithConditions2()[pri:0, instance:testFindAllWithConditions2(se.nrm.dina.data.jpa.DinaDaoImplTest)]" name="testFindAllWithConditions2" duration-ms="4" started-at="2016-02-16T16:32:40Z" finished-at="2016-02-16T16:32:40Z">
          <reporter-output>
          </reporter-output>
        </test-method> <!-- testFindAllWithConditions2 -->
        <test-method status="PASS" signature="testFindById()[pri:0, instance:testFindById(se.nrm.dina.data.jpa.DinaDaoImplTest)]" name="testFindById" duration-ms="12" started-at="2016-02-16T16:32:40Z" finished-at="2016-02-16T16:32:40Z">
          <reporter-output>
          </reporter-output>
        </test-method> <!-- testFindById -->
        <test-method status="PASS" signature="testFindByIdFailure()[pri:0, instance:testFindByIdFailure(se.nrm.dina.data.jpa.DinaDaoImplTest)]" name="testFindByIdFailure" duration-ms="5" started-at="2016-02-16T16:32:40Z" finished-at="2016-02-16T16:32:40Z">
          <reporter-output>
          </reporter-output>
        </test-method> <!-- testFindByIdFailure -->
        <test-method status="PASS" signature="testFindByIdFailure2()[pri:0, instance:testFindByIdFailure2(se.nrm.dina.data.jpa.DinaDaoImplTest)]" name="testFindByIdFailure2" duration-ms="15" started-at="2016-02-16T16:32:40Z" finished-at="2016-02-16T16:32:40Z">
          <reporter-output>
          </reporter-output>
        </test-method> <!-- testFindByIdFailure2 -->
        <test-method status="PASS" signature="testFindByIdForNoVisionEntities()[pri:0, instance:testFindByIdForNoVisionEntities(se.nrm.dina.data.jpa.DinaDaoImplTest)]" name="testFindByIdForNoVisionEntities" duration-ms="3" started-at="2016-02-16T16:32:40Z" finished-at="2016-02-16T16:32:40Z">
          <reporter-output>
          </reporter-output>
        </test-method> <!-- testFindByIdForNoVisionEntities -->
        <test-method status="PASS" signature="testFindByIdForNoVisionEntities1()[pri:0, instance:testFindByIdForNoVisionEntities1(se.nrm.dina.data.jpa.DinaDaoImplTest)]" name="testFindByIdForNoVisionEntities1" duration-ms="5" started-at="2016-02-16T16:32:40Z" finished-at="2016-02-16T16:32:40Z">
          <reporter-output>
          </reporter-output>
        </test-method> <!-- testFindByIdForNoVisionEntities1 -->
        <test-method status="PASS" signature="testFindByIdForNoVisionEntities2()[pri:0, instance:testFindByIdForNoVisionEntities2(se.nrm.dina.data.jpa.DinaDaoImplTest)]" name="testFindByIdForNoVisionEntities2" duration-ms="3" started-at="2016-02-16T16:32:40Z" finished-at="2016-02-16T16:32:40Z">
          <reporter-output>
          </reporter-output>
        </test-method> <!-- testFindByIdForNoVisionEntities2 -->
        <test-method status="PASS" signature="testFindByIdForNoVisionEntities3()[pri:0, instance:testFindByIdForNoVisionEntities3(se.nrm.dina.data.jpa.DinaDaoImplTest)]" name="testFindByIdForNoVisionEntities3" duration-ms="12" started-at="2016-02-16T16:32:40Z" finished-at="2016-02-16T16:32:40Z">
          <reporter-output>
          </reporter-output>
        </test-method> <!-- testFindByIdForNoVisionEntities3 -->
        <test-method status="PASS" signature="testFindByIdForNoVisionEntities4()[pri:0, instance:testFindByIdForNoVisionEntities4(se.nrm.dina.data.jpa.DinaDaoImplTest)]" name="testFindByIdForNoVisionEntities4" duration-ms="2" started-at="2016-02-16T16:32:40Z" finished-at="2016-02-16T16:32:40Z">
          <reporter-output>
          </reporter-output>
        </test-method> <!-- testFindByIdForNoVisionEntities4 -->
        <test-method status="PASS" signature="testFindByIdForNoVisionEntities5()[pri:0, instance:testFindByIdForNoVisionEntities5(se.nrm.dina.data.jpa.DinaDaoImplTest)]" name="testFindByIdForNoVisionEntities5" duration-ms="2" started-at="2016-02-16T16:32:40Z" finished-at="2016-02-16T16:32:40Z">
          <reporter-output>
          </reporter-output>
        </test-method> <!-- testFindByIdForNoVisionEntities5 -->
        <test-method status="PASS" signature="testFindByStringId()[pri:0, instance:testFindByStringId(se.nrm.dina.data.jpa.DinaDaoImplTest)]" name="testFindByStringId" duration-ms="8" started-at="2016-02-16T16:32:40Z" finished-at="2016-02-16T16:32:40Z">
          <reporter-output>
          </reporter-output>
        </test-method> <!-- testFindByStringId -->
        <test-method status="PASS" signature="testFindByStringIdFailure()[pri:0, instance:testFindByStringIdFailure(se.nrm.dina.data.jpa.DinaDaoImplTest)]" name="testFindByStringIdFailure" duration-ms="6" started-at="2016-02-16T16:32:40Z" finished-at="2016-02-16T16:32:40Z">
          <reporter-output>
          </reporter-output>
        </test-method> <!-- testFindByStringIdFailure -->
        <test-method status="PASS" signature="testFindByStringIdFailure2()[pri:0, instance:testFindByStringIdFailure2(se.nrm.dina.data.jpa.DinaDaoImplTest)]" name="testFindByStringIdFailure2" duration-ms="6" started-at="2016-02-16T16:32:40Z" finished-at="2016-02-16T16:32:40Z">
          <reporter-output>
          </reporter-output>
        </test-method> <!-- testFindByStringIdFailure2 -->
        <test-method status="PASS" signature="testFindByReference()[pri:0, instance:testFindByReference(se.nrm.dina.data.jpa.DinaDaoImplTest)]" name="testFindByReference" duration-ms="5" started-at="2016-02-16T16:32:40Z" finished-at="2016-02-16T16:32:40Z">
          <reporter-output>
          </reporter-output>
        </test-method> <!-- testFindByReference -->
        <test-method status="PASS" signature="testCreate()[pri:0, instance:testCreate(se.nrm.dina.data.jpa.DinaDaoImplTest)]" name="testCreate" duration-ms="11" started-at="2016-02-16T16:32:40Z" finished-at="2016-02-16T16:32:40Z">
          <reporter-output>
          </reporter-output>
        </test-method> <!-- testCreate -->
        <test-method status="PASS" signature="testCreateFailure()[pri:0, instance:testCreateFailure(se.nrm.dina.data.jpa.DinaDaoImplTest)]" name="testCreateFailure" duration-ms="37" started-at="2016-02-16T16:32:40Z" finished-at="2016-02-16T16:32:40Z">
          <reporter-output>
          </reporter-output>
        </test-method> <!-- testCreateFailure -->
        <test-method status="PASS" signature="testCreateFailure2()[pri:0, instance:testCreateFailure2(se.nrm.dina.data.jpa.DinaDaoImplTest)]" name="testCreateFailure2" duration-ms="5" started-at="2016-02-16T16:32:40Z" finished-at="2016-02-16T16:32:40Z">
          <reporter-output>
          </reporter-output>
        </test-method> <!-- testCreateFailure2 -->
        <test-method status="PASS" signature="testMerge()[pri:0, instance:testMerge(se.nrm.dina.data.jpa.DinaDaoImplTest)]" name="testMerge" duration-ms="6" started-at="2016-02-16T16:32:40Z" finished-at="2016-02-16T16:32:40Z">
          <reporter-output>
          </reporter-output>
        </test-method> <!-- testMerge -->
        <test-method status="PASS" signature="testMergeFailure1()[pri:0, instance:testMergeFailure1(se.nrm.dina.data.jpa.DinaDaoImplTest)]" name="testMergeFailure1" duration-ms="23" started-at="2016-02-16T16:32:40Z" finished-at="2016-02-16T16:32:40Z">
          <reporter-output>
          </reporter-output>
        </test-method> <!-- testMergeFailure1 -->
        <test-method status="PASS" signature="testMergeFailure3()[pri:0, instance:testMergeFailure3(se.nrm.dina.data.jpa.DinaDaoImplTest)]" name="testMergeFailure3" duration-ms="6" started-at="2016-02-16T16:32:40Z" finished-at="2016-02-16T16:32:40Z">
          <reporter-output>
          </reporter-output>
        </test-method> <!-- testMergeFailure3 -->
        <test-method status="PASS" signature="testUpdateByJPQL()[pri:0, instance:testUpdateByJPQL(se.nrm.dina.data.jpa.DinaDaoImplTest)]" name="testUpdateByJPQL" duration-ms="3" started-at="2016-02-16T16:32:40Z" finished-at="2016-02-16T16:32:40Z">
          <reporter-output>
          </reporter-output>
        </test-method> <!-- testUpdateByJPQL -->
        <test-method status="PASS" signature="testUpdateByJPQLFailure()[pri:0, instance:testUpdateByJPQLFailure(se.nrm.dina.data.jpa.DinaDaoImplTest)]" name="testUpdateByJPQLFailure" duration-ms="2" started-at="2016-02-16T16:32:40Z" finished-at="2016-02-16T16:32:40Z">
          <reporter-output>
          </reporter-output>
        </test-method> <!-- testUpdateByJPQLFailure -->
        <test-method status="PASS" signature="testDelete()[pri:0, instance:testDelete(se.nrm.dina.data.jpa.DinaDaoImplTest)]" name="testDelete" duration-ms="1" started-at="2016-02-16T16:32:40Z" finished-at="2016-02-16T16:32:40Z">
          <reporter-output>
          </reporter-output>
        </test-method> <!-- testDelete -->
        <test-method status="PASS" signature="testDeleteFailure1()[pri:0, instance:testDeleteFailure1(se.nrm.dina.data.jpa.DinaDaoImplTest)]" name="testDeleteFailure1" duration-ms="4" started-at="2016-02-16T16:32:40Z" finished-at="2016-02-16T16:32:40Z">
          <reporter-output>
          </reporter-output>
        </test-method> <!-- testDeleteFailure1 -->
        <test-method status="PASS" signature="testDeleteFailure2()[pri:0, instance:testDeleteFailure2(se.nrm.dina.data.jpa.DinaDaoImplTest)]" name="testDeleteFailure2" duration-ms="2" started-at="2016-02-16T16:32:40Z" finished-at="2016-02-16T16:32:40Z">
          <reporter-output>
          </reporter-output>
        </test-method> <!-- testDeleteFailure2 -->
        <test-method status="PASS" signature="testGetEntityByJPQL()[pri:0, instance:testGetEntityByJPQL(se.nrm.dina.data.jpa.DinaDaoImplTest)]" name="testGetEntityByJPQL" duration-ms="2" started-at="2016-02-16T16:32:40Z" finished-at="2016-02-16T16:32:40Z">
          <reporter-output>
          </reporter-output>
        </test-method> <!-- testGetEntityByJPQL -->
        <test-method status="PASS" signature="testGetEntityByJPQLFailure1()[pri:0, instance:testGetEntityByJPQLFailure1(se.nrm.dina.data.jpa.DinaDaoImplTest)]" name="testGetEntityByJPQLFailure1" duration-ms="15" started-at="2016-02-16T16:32:40Z" finished-at="2016-02-16T16:32:40Z">
          <reporter-output>
          </reporter-output>
        </test-method> <!-- testGetEntityByJPQLFailure1 -->
        <test-method status="PASS" signature="testGetEntityByJPQLFailure2()[pri:0, instance:testGetEntityByJPQLFailure2(se.nrm.dina.data.jpa.DinaDaoImplTest)]" name="testGetEntityByJPQLFailure2" duration-ms="14" started-at="2016-02-16T16:32:40Z" finished-at="2016-02-16T16:32:40Z">
          <reporter-output>
          </reporter-output>
        </test-method> <!-- testGetEntityByJPQLFailure2 -->
        <test-method status="PASS" signature="testGetCountByQuery()[pri:0, instance:testGetCountByQuery(se.nrm.dina.data.jpa.DinaDaoImplTest)]" name="testGetCountByQuery" duration-ms="4" started-at="2016-02-16T16:32:40Z" finished-at="2016-02-16T16:32:40Z">
          <reporter-output>
          </reporter-output>
        </test-method> <!-- testGetCountByQuery -->
        <test-method status="PASS" signature="testGetCountByQueryFailure()[pri:0, instance:testGetCountByQueryFailure(se.nrm.dina.data.jpa.DinaDaoImplTest)]" name="testGetCountByQueryFailure" duration-ms="4" started-at="2016-02-16T16:32:40Z" finished-at="2016-02-16T16:32:40Z">
          <reporter-output>
          </reporter-output>
        </test-method> <!-- testGetCountByQueryFailure -->
      </class> <!-- se.nrm.dina.data.jpa.DinaDaoImplTest -->
    </test> <!-- Surefire test -->
  </suite> <!-- Surefire suite -->
</testng-results>
