<?xml version="1.0" encoding="UTF-8"?>
<testsuite name="se.nrm.dina.data.util.UtilNGTest" time="0.133" tests="25" errors="0" skipped="0" failures="0">
  <properties>
[...]
</properties>
  <testcase name="testGetInstance on testGetInstance(se.nrm.dina.data.util.UtilNGTest)" classname="se.nrm.dina.data.util.UtilNGTest" time="0.013"/>
  <testcase name="testConvertClassNameToClass on testConvertClassNameToClass(se.nrm.dina.data.util.UtilNGTest)" classname="se.nrm.dina.data.util.UtilNGTest" time="0.004"/>
  <testcase name="testConvertClassNameToClassException on testConvertClassNameToClassException(se.nrm.dina.data.util.UtilNGTest)" classname="se.nrm.dina.data.util.UtilNGTest" time="0.002"/>
  <testcase name="testReformClassName on testReformClassName(se.nrm.dina.data.util.UtilNGTest)" classname="se.nrm.dina.data.util.UtilNGTest" time="0"/>
  <testcase name="testReformClassNameEmptyName on testReformClassNameEmptyName(se.nrm.dina.data.util.UtilNGTest)" classname="se.nrm.dina.data.util.UtilNGTest" time="0"/>
  <testcase name="testCreateNewInstance on testCreateNewInstance(se.nrm.dina.data.util.UtilNGTest)" classname="se.nrm.dina.data.util.UtilNGTest" time="0.001"/>
  <testcase name="testFailedCreateNewInstance on testFailedCreateNewInstance(se.nrm.dina.data.util.UtilNGTest)" classname="se.nrm.dina.data.util.UtilNGTest" time="0.001"/>
  <testcase name="testValidateEntityName on testValidateEntityName(se.nrm.dina.data.util.UtilNGTest)" classname="se.nrm.dina.data.util.UtilNGTest" time="0"/>
  <testcase name="testInvalidateEntityName on testInvalidateEntityName(se.nrm.dina.data.util.UtilNGTest)" classname="se.nrm.dina.data.util.UtilNGTest" time="0.001"/>
  <testcase name="testIsFieldsValid on testIsFieldsValid(se.nrm.dina.data.util.UtilNGTest)" classname="se.nrm.dina.data.util.UtilNGTest" time="0.057"/>
  <testcase name="testIsFieldsValidFailed on testIsFieldsValidFailed(se.nrm.dina.data.util.UtilNGTest)" classname="se.nrm.dina.data.util.UtilNGTest" time="0.001"/>
  <testcase name="testIsFieldsValidFailedExpected on testIsFieldsValidFailedExpected(se.nrm.dina.data.util.UtilNGTest)" classname="se.nrm.dina.data.util.UtilNGTest" time="0.002"/>
  <testcase name="testIsIntField on testIsIntField(se.nrm.dina.data.util.UtilNGTest)" classname="se.nrm.dina.data.util.UtilNGTest" time="0.015"/>
  <testcase name="testIsIntFieldFalse on testIsIntFieldFalse(se.nrm.dina.data.util.UtilNGTest)" classname="se.nrm.dina.data.util.UtilNGTest" time="0.001"/>
  <testcase name="testIsIntegerFieldException on testIsIntegerFieldException(se.nrm.dina.data.util.UtilNGTest)" classname="se.nrm.dina.data.util.UtilNGTest" time="0.003"/>
  <testcase name="testIsIntegerField on testIsIntegerField(se.nrm.dina.data.util.UtilNGTest)" classname="se.nrm.dina.data.util.UtilNGTest" time="0.003"/>
  <testcase name="testIsEntity on testIsEntity(se.nrm.dina.data.util.UtilNGTest)" classname="se.nrm.dina.data.util.UtilNGTest" time="0"/>
  <testcase name="testIsEntityFalse on testIsEntityFalse(se.nrm.dina.data.util.UtilNGTest)" classname="se.nrm.dina.data.util.UtilNGTest" time="0.001"/>
  <testcase name="testIsEntityFalseException on testIsEntityFalseException(se.nrm.dina.data.util.UtilNGTest)" classname="se.nrm.dina.data.util.UtilNGTest" time="0.001"/>
  <testcase name="testIsCollection on testIsCollection(se.nrm.dina.data.util.UtilNGTest)" classname="se.nrm.dina.data.util.UtilNGTest" time="0.001"/>
  <testcase name="testGetEntity on testGetEntity(se.nrm.dina.data.util.UtilNGTest)" classname="se.nrm.dina.data.util.UtilNGTest" time="0.001"/>
  <testcase name="testValidateFields on testValidateFields(se.nrm.dina.data.util.UtilNGTest)" classname="se.nrm.dina.data.util.UtilNGTest" time="0.001"/>
  <testcase name="testGetIDFieldName_EntityBean on testGetIDFieldName_EntityBean(se.nrm.dina.data.util.UtilNGTest)" classname="se.nrm.dina.data.util.UtilNGTest" time="0.021"/>
  <testcase name="testGetIDFieldName_String on testGetIDFieldName_String(se.nrm.dina.data.util.UtilNGTest)" classname="se.nrm.dina.data.util.UtilNGTest" time="0.001"/>
  <testcase name="testMaxLimit on testMaxLimit(se.nrm.dina.data.util.UtilNGTest)" classname="se.nrm.dina.data.util.UtilNGTest" time="0.002"/>
</testsuite>