<?xml version="1.0" encoding="UTF-8"?>
<testsuite xmlns:xsi="http://www.w3.org/2001/XMLSchema-instance" xsi:schemaLocation="https://maven.apache.org/surefire/maven-surefire-plugin/xsd/surefire-test-report.xsd" name="TestSuite" time="2.518" tests="67" errors="0" skipped="0" failures="0">
  <properties>
[...]
</properties>
  <testcase name="testDinaExceptionConstruct" classname="se.nrm.dina.data.exceptions.DinaExceptionNGTest" time="0.033"/>
  <testcase name="testDinaExceptionConstructWithMsg" classname="se.nrm.dina.data.exceptions.DinaExceptionNGTest" time="0"/>
  <testcase name="testDinaExceptionConstructWithMsgAndErrorCode" classname="se.nrm.dina.data.exceptions.DinaExceptionNGTest" time="0"/>
  <testcase name="testGetErrorCode" classname="se.nrm.dina.data.exceptions.DinaExceptionNGTest" time="0"/>
  <testcase name="testGetEntityNameErrorMsg" classname="se.nrm.dina.data.exceptions.ErrorMsgNGTest" time="0.001"/>
  <testcase name="testGetInstance" classname="se.nrm.dina.data.exceptions.ErrorMsgNGTest" time="0"/>
  <testcase name="testConvertClassNameToClass on testConvertClassNameToClass(se.nrm.dina.data.util.UtilNGTest)" classname="se.nrm.dina.data.util.UtilNGTest" time="0.022"/>
  <testcase name="testConvertClassNameToClassException on testConvertClassNameToClassException(se.nrm.dina.data.util.UtilNGTest)" classname="se.nrm.dina.data.util.UtilNGTest" time="0"/>
  <testcase name="testReformClassName on testReformClassName(se.nrm.dina.data.util.UtilNGTest)" classname="se.nrm.dina.data.util.UtilNGTest" time="0"/>
  <testcase name="testReformClassNameEmptyName on testReformClassNameEmptyName(se.nrm.dina.data.util.UtilNGTest)" classname="se.nrm.dina.data.util.UtilNGTest" time="0.001"/>
  <testcase name="testCreateNewInstance on testCreateNewInstance(se.nrm.dina.data.util.UtilNGTest)" classname="se.nrm.dina.data.util.UtilNGTest" time="0.001"/>
  <testcase name="testFailedCreateNewInstance on testFailedCreateNewInstance(se.nrm.dina.data.util.UtilNGTest)" classname="se.nrm.dina.data.util.UtilNGTest" time="0.005"/>
  <testcase name="testValidateEntityName on testValidateEntityName(se.nrm.dina.data.util.UtilNGTest)" classname="se.nrm.dina.data.util.UtilNGTest" time="0"/>
  <testcase name="testInvalidateEntityName on testInvalidateEntityName(se.nrm.dina.data.util.UtilNGTest)" classname="se.nrm.dina.data.util.UtilNGTest" time="0.001"/>
  <testcase name="testIsFieldsValid on testIsFieldsValid(se.nrm.dina.data.util.UtilNGTest)" classname="se.nrm.dina.data.util.UtilNGTest" time="0.133"/>
  <testcase name="testIsFieldsValidFailed on testIsFieldsValidFailed(se.nrm.dina.data.util.UtilNGTest)" classname="se.nrm.dina.data.util.UtilNGTest" time="0.006"/>
  <testcase name="testIsFieldsValidFailedExpected on testIsFieldsValidFailedExpected(se.nrm.dina.data.util.UtilNGTest)" classname="se.nrm.dina.data.util.UtilNGTest" time="0.003"/>
  <testcase name="testIsIntField on testIsIntField(se.nrm.dina.data.util.UtilNGTest)" classname="se.nrm.dina.data.util.UtilNGTest" time="0.048"/>
  <testcase name="testIsIntFieldFalse on testIsIntFieldFalse(se.nrm.dina.data.util.UtilNGTest)" classname="se.nrm.dina.data.util.UtilNGTest" time="0.001"/>
  <testcase name="testIsIntegerFieldException on testIsIntegerFieldException(se.nrm.dina.data.util.UtilNGTest)" classname="se.nrm.dina.data.util.UtilNGTest" time="0.003"/>
  <testcase name="testIsIntegerField on testIsIntegerField(se.nrm.dina.data.util.UtilNGTest)" classname="se.nrm.dina.data.util.UtilNGTest" time="0.001"/>
  <testcase name="testIsEntity on testIsEntity(se.nrm.dina.data.util.UtilNGTest)" classname="se.nrm.dina.data.util.UtilNGTest" time="0.007"/>
  <testcase name="testIsEntityFalse on testIsEntityFalse(se.nrm.dina.data.util.UtilNGTest)" classname="se.nrm.dina.data.util.UtilNGTest" time="0.001"/>
  <testcase name="testIsEntityFalseException on testIsEntityFalseException(se.nrm.dina.data.util.UtilNGTest)" classname="se.nrm.dina.data.util.UtilNGTest" time="0.001"/>
  <testcase name="testIsCollection on testIsCollection(se.nrm.dina.data.util.UtilNGTest)" classname="se.nrm.dina.data.util.UtilNGTest" time="0"/>
  <testcase name="testIsCollectionFalse on testIsCollectionFalse(se.nrm.dina.data.util.UtilNGTest)" classname="se.nrm.dina.data.util.UtilNGTest" time="0.001"/>
  <testcase name="testGetEntity on testGetEntity(se.nrm.dina.data.util.UtilNGTest)" classname="se.nrm.dina.data.util.UtilNGTest" time="0.004"/>
  <testcase name="testGetEntityFailure on testGetEntityFailure(se.nrm.dina.data.util.UtilNGTest)" classname="se.nrm.dina.data.util.UtilNGTest" time="0.002"/>
  <testcase name="testValidateFields on testValidateFields(se.nrm.dina.data.util.UtilNGTest)" classname="se.nrm.dina.data.util.UtilNGTest" time="0.003"/>
  <testcase name="testGetIDFieldName_EntityBean on testGetIDFieldName_EntityBean(se.nrm.dina.data.util.UtilNGTest)" classname="se.nrm.dina.data.util.UtilNGTest" time="0.024"/>
  <testcase name="testIsNumric on testIsNumric(se.nrm.dina.data.util.UtilNGTest)" classname="se.nrm.dina.data.util.UtilNGTest" time="0.02"/>
  <testcase name="testMaxLimit on testMaxLimit(se.nrm.dina.data.util.UtilNGTest)" classname="se.nrm.dina.data.util.UtilNGTest" time="0.002"/>
  <testcase name="testGetInstance on testGetInstance(se.nrm.dina.data.util.UtilNGTest)" classname="se.nrm.dina.data.util.UtilNGTest" time="0.001"/>
  <testcase name="testDinaDaoImplConstractor on testDinaDaoImplConstractor(se.nrm.dina.data.jpa.DinaDaoImplTest)" classname="se.nrm.dina.data.jpa.DinaDaoImplTest" time="0.441"/>
  <testcase name="testFindAll on testFindAll(se.nrm.dina.data.jpa.DinaDaoImplTest)" classname="se.nrm.dina.data.jpa.DinaDaoImplTest" time="0.066"/>
  <testcase name="testFindAllWithConditionsException on testFindAllWithConditionsException(se.nrm.dina.data.jpa.DinaDaoImplTest)" classname="se.nrm.dina.data.jpa.DinaDaoImplTest" time="0.009"/>
  <testcase name="testFindAllWithConditions1 on testFindAllWithConditions1(se.nrm.dina.data.jpa.DinaDaoImplTest)" classname="se.nrm.dina.data.jpa.DinaDaoImplTest" time="0.009"/>
  <testcase name="testFindAllWithConditions2 on testFindAllWithConditions2(se.nrm.dina.data.jpa.DinaDaoImplTest)" classname="se.nrm.dina.data.jpa.DinaDaoImplTest" time="0.006"/>
  <testcase name="testFindById on testFindById(se.nrm.dina.data.jpa.DinaDaoImplTest)" classname="se.nrm.dina.data.jpa.DinaDaoImplTest" time="0.02"/>
  <testcase name="testFindByIdFailure on testFindByIdFailure(se.nrm.dina.data.jpa.DinaDaoImplTest)" classname="se.nrm.dina.data.jpa.DinaDaoImplTest" time="0.011"/>
  <testcase name="testFindByIdFailure2 on testFindByIdFailure2(se.nrm.dina.data.jpa.DinaDaoImplTest)" classname="se.nrm.dina.data.jpa.DinaDaoImplTest" time="0.021"/>
  <testcase name="testFindByIdForNoVisionEntities on testFindByIdForNoVisionEntities(se.nrm.dina.data.jpa.DinaDaoImplTest)" classname="se.nrm.dina.data.jpa.DinaDaoImplTest" time="0.006"/>
  <testcase name="testFindByIdForNoVisionEntities1 on testFindByIdForNoVisionEntities1(se.nrm.dina.data.jpa.DinaDaoImplTest)" classname="se.nrm.dina.data.jpa.DinaDaoImplTest" time="0.01"/>
  <testcase name="testFindByIdForNoVisionEntities2 on testFindByIdForNoVisionEntities2(se.nrm.dina.data.jpa.DinaDaoImplTest)" classname="se.nrm.dina.data.jpa.DinaDaoImplTest" time="0.007"/>
  <testcase name="testFindByIdForNoVisionEntities3 on testFindByIdForNoVisionEntities3(se.nrm.dina.data.jpa.DinaDaoImplTest)" classname="se.nrm.dina.data.jpa.DinaDaoImplTest" time="0.003"/>
  <testcase name="testFindByIdForNoVisionEntities4 on testFindByIdForNoVisionEntities4(se.nrm.dina.data.jpa.DinaDaoImplTest)" classname="se.nrm.dina.data.jpa.DinaDaoImplTest" time="0.009"/>
  <testcase name="testFindByIdForNoVisionEntities5 on testFindByIdForNoVisionEntities5(se.nrm.dina.data.jpa.DinaDaoImplTest)" classname="se.nrm.dina.data.jpa.DinaDaoImplTest" time="0.005"/>
  <testcase name="testFindByStringId on testFindByStringId(se.nrm.dina.data.jpa.DinaDaoImplTest)" classname="se.nrm.dina.data.jpa.DinaDaoImplTest" time="0.004"/>
  <testcase name="testFindByStringIdFailure on testFindByStringIdFailure(se.nrm.dina.data.jpa.DinaDaoImplTest)" classname="se.nrm.dina.data.jpa.DinaDaoImplTest" time="0.01"/>
  <testcase name="testFindByStringIdFailure2 on testFindByStringIdFailure2(se.nrm.dina.data.jpa.DinaDaoImplTest)" classname="se.nrm.dina.data.jpa.DinaDaoImplTest" time="0.009"/>
  <testcase name="testFindByReference on testFindByReference(se.nrm.dina.data.jpa.DinaDaoImplTest)" classname="se.nrm.dina.data.jpa.DinaDaoImplTest" time="0.005"/>
  <testcase name="testCreate on testCreate(se.nrm.dina.data.jpa.DinaDaoImplTest)" classname="se.nrm.dina.data.jpa.DinaDaoImplTest" time="0.007"/>
  <testcase name="testCreateFailure on testCreateFailure(se.nrm.dina.data.jpa.DinaDaoImplTest)" classname="se.nrm.dina.data.jpa.DinaDaoImplTest" time="0.048"/>
  <testcase name="testCreateFailure2 on testCreateFailure2(se.nrm.dina.data.jpa.DinaDaoImplTest)" classname="se.nrm.dina.data.jpa.DinaDaoImplTest" time="0.004"/>
  <testcase name="testMerge on testMerge(se.nrm.dina.data.jpa.DinaDaoImplTest)" classname="se.nrm.dina.data.jpa.DinaDaoImplTest" time="0.004"/>
  <testcase name="testMergeFailure1 on testMergeFailure1(se.nrm.dina.data.jpa.DinaDaoImplTest)" classname="se.nrm.dina.data.jpa.DinaDaoImplTest" time="0.025"/>
  <testcase name="testMergeFailure3 on testMergeFailure3(se.nrm.dina.data.jpa.DinaDaoImplTest)" classname="se.nrm.dina.data.jpa.DinaDaoImplTest" time="0.005"/>
  <testcase name="testUpdateByJPQL on testUpdateByJPQL(se.nrm.dina.data.jpa.DinaDaoImplTest)" classname="se.nrm.dina.data.jpa.DinaDaoImplTest" time="0.005"/>
  <testcase name="testUpdateByJPQLFailure on testUpdateByJPQLFailure(se.nrm.dina.data.jpa.DinaDaoImplTest)" classname="se.nrm.dina.data.jpa.DinaDaoImplTest" time="0.004"/>
  <testcase name="testDelete on testDelete(se.nrm.dina.data.jpa.DinaDaoImplTest)" classname="se.nrm.dina.data.jpa.DinaDaoImplTest" time="0.004"/>
  <testcase name="testDeleteFailure1 on testDeleteFailure1(se.nrm.dina.data.jpa.DinaDaoImplTest)" classname="se.nrm.dina.data.jpa.DinaDaoImplTest" time="0.019"/>
  <testcase name="testDeleteFailure2 on testDeleteFailure2(se.nrm.dina.data.jpa.DinaDaoImplTest)" classname="se.nrm.dina.data.jpa.DinaDaoImplTest" time="0.006"/>
  <testcase name="testGetEntityByJPQL on testGetEntityByJPQL(se.nrm.dina.data.jpa.DinaDaoImplTest)" classname="se.nrm.dina.data.jpa.DinaDaoImplTest" time="0.006"/>
  <testcase name="testGetEntityByJPQLFailure1 on testGetEntityByJPQLFailure1(se.nrm.dina.data.jpa.DinaDaoImplTest)" classname="se.nrm.dina.data.jpa.DinaDaoImplTest" time="0.013"/>
  <testcase name="testGetEntityByJPQLFailure2 on testGetEntityByJPQLFailure2(se.nrm.dina.data.jpa.DinaDaoImplTest)" classname="se.nrm.dina.data.jpa.DinaDaoImplTest" time="0.013"/>
  <testcase name="testGetCountByQuery on testGetCountByQuery(se.nrm.dina.data.jpa.DinaDaoImplTest)" classname="se.nrm.dina.data.jpa.DinaDaoImplTest" time="0.006"/>
  <testcase name="testGetCountByQueryFailure on testGetCountByQueryFailure(se.nrm.dina.data.jpa.DinaDaoImplTest)" classname="se.nrm.dina.data.jpa.DinaDaoImplTest" time="0.008"/>
</testsuite>