<?xml version="1.0" encoding="UTF-8"?>
<!-- Generated by org.testng.reporters.JUnitXMLReporter -->
<testsuite hostname="Idas-MacBook-Air.local" name="Surefire test" tests="16" failures="0" timestamp="23 Jan 2016 14:03:32 GMT" time="6.056" errors="0">
  <testcase name="testUpdateEntityFailure on testUpdateEntityFailure(se.nrm.dina.data.service.DinaServiceNGTest)" time="3.562" classname="se.nrm.dina.data.service.DinaServiceNGTest"/>
  <testcase name="testDeleteEntityById on testDeleteEntityById(se.nrm.dina.data.service.DinaServiceNGTest)" time="0.124" classname="se.nrm.dina.data.service.DinaServiceNGTest"/>
  <testcase name="testDeleteEntityByIdFailure on testDeleteEntityByIdFailure(se.nrm.dina.data.service.DinaServiceNGTest)" time="0.117" classname="se.nrm.dina.data.service.DinaServiceNGTest"/>
  <testcase name="testGetDataFailure on testGetDataFailure(se.nrm.dina.data.service.DinaServiceNGTest)" time="0.101" classname="se.nrm.dina.data.service.DinaServiceNGTest"/>
  <testcase name="testGetData on testGetData(se.nrm.dina.data.service.DinaServiceNGTest)" time="0.279" classname="se.nrm.dina.data.service.DinaServiceNGTest"/>
  <testcase name="testGetEntityById on testGetEntityById(se.nrm.dina.data.service.DinaServiceNGTest)" time="0.205" classname="se.nrm.dina.data.service.DinaServiceNGTest"/>
  <testcase name="testGetEntityByIdFailure on testGetEntityByIdFailure(se.nrm.dina.data.service.DinaServiceNGTest)" time="0.155" classname="se.nrm.dina.data.service.DinaServiceNGTest"/>
  <testcase name="testGetEntityCount on testGetEntityCount(se.nrm.dina.data.service.DinaServiceNGTest)" time="0.114" classname="se.nrm.dina.data.service.DinaServiceNGTest"/>
  <testcase name="testGetEntityCountFailure on testGetEntityCountFailure(se.nrm.dina.data.service.DinaServiceNGTest)" time="0.057" classname="se.nrm.dina.data.service.DinaServiceNGTest"/>
  <testcase name="testCreateNewEntity on testCreateNewEntity(se.nrm.dina.data.service.DinaServiceNGTest)" time="0.138" classname="se.nrm.dina.data.service.DinaServiceNGTest"/>
  <testcase name="testCreateNewEntityFailure on testCreateNewEntityFailure(se.nrm.dina.data.service.DinaServiceNGTest)" time="0.082" classname="se.nrm.dina.data.service.DinaServiceNGTest"/>
  <testcase name="testUpdateEntity on testUpdateEntity(se.nrm.dina.data.service.DinaServiceNGTest)" time="0.1" classname="se.nrm.dina.data.service.DinaServiceNGTest"/>
  <testcase name="testDinaServiceConstractor on testDinaServiceConstractor(se.nrm.dina.data.service.DinaServiceNGTest)" time="0.084" classname="se.nrm.dina.data.service.DinaServiceNGTest"/>
  <testcase name="testGetAllByEntityName on testGetAllByEntityName(se.nrm.dina.data.service.DinaServiceNGTest)" time="0.122" classname="se.nrm.dina.data.service.DinaServiceNGTest"/>
  <testcase name="testGetAllByEntityName2 on testGetAllByEntityName2(se.nrm.dina.data.service.DinaServiceNGTest)" time="0.099" classname="se.nrm.dina.data.service.DinaServiceNGTest"/>
  <testcase name="testGetAllByEntityNameFailure on testGetAllByEntityNameFailure(se.nrm.dina.data.service.DinaServiceNGTest)" time="0.112" classname="se.nrm.dina.data.service.DinaServiceNGTest"/>
</testsuite> <!-- Surefire test -->
