<?xml version="1.0" encoding="UTF-8"?>
<!-- Generated by org.testng.reporters.JUnitXMLReporter -->
<testsuite hostname="Idas-MacBook-Air.local" name="Surefire test" tests="16" failures="0" timestamp="23 Jan 2016 15:51:02 GMT" time="2.512" errors="0">
  <testcase name="testDinaServiceConstractor on testDinaServiceConstractor(se.nrm.dina.data.service.DinaServiceNGTest)" time="0.881" classname="se.nrm.dina.data.service.DinaServiceNGTest"/>
  <testcase name="testGetAllByEntityName on testGetAllByEntityName(se.nrm.dina.data.service.DinaServiceNGTest)" time="0.768" classname="se.nrm.dina.data.service.DinaServiceNGTest"/>
  <testcase name="testGetAllByEntityName2 on testGetAllByEntityName2(se.nrm.dina.data.service.DinaServiceNGTest)" time="0.083" classname="se.nrm.dina.data.service.DinaServiceNGTest"/>
  <testcase name="testGetAllByEntityNameFailure on testGetAllByEntityNameFailure(se.nrm.dina.data.service.DinaServiceNGTest)" time="0.053" classname="se.nrm.dina.data.service.DinaServiceNGTest"/>
  <testcase name="testGetDataFailure on testGetDataFailure(se.nrm.dina.data.service.DinaServiceNGTest)" time="0.032" classname="se.nrm.dina.data.service.DinaServiceNGTest"/>
  <testcase name="testGetData on testGetData(se.nrm.dina.data.service.DinaServiceNGTest)" time="0.034" classname="se.nrm.dina.data.service.DinaServiceNGTest"/>
  <testcase name="testGetEntityById on testGetEntityById(se.nrm.dina.data.service.DinaServiceNGTest)" time="0.119" classname="se.nrm.dina.data.service.DinaServiceNGTest"/>
  <testcase name="testGetEntityByIdFailure on testGetEntityByIdFailure(se.nrm.dina.data.service.DinaServiceNGTest)" time="0.03" classname="se.nrm.dina.data.service.DinaServiceNGTest"/>
  <testcase name="testGetEntityCount on testGetEntityCount(se.nrm.dina.data.service.DinaServiceNGTest)" time="0.021" classname="se.nrm.dina.data.service.DinaServiceNGTest"/>
  <testcase name="testGetEntityCountFailure on testGetEntityCountFailure(se.nrm.dina.data.service.DinaServiceNGTest)" time="0.025" classname="se.nrm.dina.data.service.DinaServiceNGTest"/>
  <testcase name="testCreateNewEntity on testCreateNewEntity(se.nrm.dina.data.service.DinaServiceNGTest)" time="0.038" classname="se.nrm.dina.data.service.DinaServiceNGTest"/>
  <testcase name="testCreateNewEntityFailure on testCreateNewEntityFailure(se.nrm.dina.data.service.DinaServiceNGTest)" time="0.028" classname="se.nrm.dina.data.service.DinaServiceNGTest"/>
  <testcase name="testUpdateEntity on testUpdateEntity(se.nrm.dina.data.service.DinaServiceNGTest)" time="0.025" classname="se.nrm.dina.data.service.DinaServiceNGTest"/>
  <testcase name="testUpdateEntityFailure on testUpdateEntityFailure(se.nrm.dina.data.service.DinaServiceNGTest)" time="0.04" classname="se.nrm.dina.data.service.DinaServiceNGTest"/>
  <testcase name="testDeleteEntityById on testDeleteEntityById(se.nrm.dina.data.service.DinaServiceNGTest)" time="0.039" classname="se.nrm.dina.data.service.DinaServiceNGTest"/>
  <testcase name="testDeleteEntityByIdFailure on testDeleteEntityByIdFailure(se.nrm.dina.data.service.DinaServiceNGTest)" time="0.067" classname="se.nrm.dina.data.service.DinaServiceNGTest"/>
</testsuite> <!-- Surefire test -->
