GROUP,PACKAGE,CLASS,INSTRUCTION_MISSED,INSTRUCTION_COVERED,BRANCH_MISSED,BRANCH_COVERED,LINE_MISSED,LINE_COVERED,COMPLEXITY_MISSED,COMPLEXITY_COVERED,METHOD_MISSED,METHOD_COVERED
dina-data-jpa,se.nrm.dina.data.logic,DinaDataLogic,24,368,9,15,2,79,11,16,2,13
dina-data-jpa,se.nrm.dina.data.exceptions,DinaException,0,17,0,0,0,8,0,4,0,4
dina-data-jpa,se.nrm.dina.data.exceptions,ErrorMsg,0,19,0,2,0,7,0,5,0,4
dina-data-jpa,se.nrm.dina.data.jpa,DinaDaoImpl,112,477,4,20,27,118,12,26,10,16
dina-data-jpa,se.nrm.dina.data.util,Util,61,305,8,14,16,73,5,27,0,21
dina-data-jpa,se.nrm.dina.data.util,NamedQueries,20,336,6,22,3,78,6,21,0,13
