GROUP,PACKAGE,CLASS,INSTRUCTION_MISSED,INSTRUCTION_COVERED,BRANCH_MISSED,BRANCH_COVERED,LINE_MISSED,LINE_COVERED,COMPLEXITY_MISSED,COMPLEXITY_COVERED,METHOD_MISSED,METHOD_COVERED
dina-data-jpa,se.nrm.dina.data.logic,DinaDataLogic,149,243,17,7,27,54,16,11,4,11
dina-data-jpa,se.nrm.dina.data.exceptions,DinaException,13,4,0,0,6,2,3,1,3,1
dina-data-jpa,se.nrm.dina.data.exceptions,ErrorMsg,0,19,0,2,0,7,0,5,0,4
dina-data-jpa,se.nrm.dina.data.jpa,DinaDaoImpl,382,198,16,8,98,48,27,11,15,11
dina-data-jpa,se.nrm.dina.data,Main,4,0,0,0,2,0,2,0,2,0
dina-data-jpa,se.nrm.dina.data.util,Util,101,272,13,9,28,63,8,24,0,21
dina-data-jpa,se.nrm.dina.data.util,NamedQueries,226,130,16,12,48,33,18,9,7,6
