<?xml version="1.0" encoding="UTF-8"?>
<!-- Generated by org.testng.reporters.JUnitXMLReporter -->
<testsuite hostname="Idas-MacBook-Air.local" name="Surefire test" tests="14" failures="0" timestamp="23 Jan 2016 16:08:23 GMT" time="0.613" errors="0">
  <testcase name="testDinaExceptionConstruct" time="0.063" classname="se.nrm.dina.data.exceptions.DinaExceptionNGTest"/>
  <testcase name="testDinaExceptionConstructWithMsg" time="0.0" classname="se.nrm.dina.data.exceptions.DinaExceptionNGTest"/>
  <testcase name="testDinaExceptionConstructWithMsgAndErrorCode" time="0.002" classname="se.nrm.dina.data.exceptions.DinaExceptionNGTest"/>
  <testcase name="testGetErrorCode" time="0.001" classname="se.nrm.dina.data.exceptions.DinaExceptionNGTest"/>
  <testcase name="testGetEntityNameErrorMsg" time="0.003" classname="se.nrm.dina.data.exceptions.ErrorMsgNGTest"/>
  <testcase name="testGetInstance" time="0.001" classname="se.nrm.dina.data.exceptions.ErrorMsgNGTest"/>
  <testcase name="testCreateQueryFindAllWithSearchCriteria" time="0.358" classname="se.nrm.dina.data.util.NamedQueriesNGTest"/>
  <testcase name="testCreateQueryFindAllWithSearchCriteria1" time="0.001" classname="se.nrm.dina.data.util.NamedQueriesNGTest"/>
  <testcase name="testCreateQueryFindAllWithSearchCriteria2" time="0.002" classname="se.nrm.dina.data.util.NamedQueriesNGTest"/>
  <testcase name="testCreateQueryFindAllWithSearchCriteria3" time="0.001" classname="se.nrm.dina.data.util.NamedQueriesNGTest"/>
  <testcase name="testCreateQueryFindAllWithSearchCriteria4" time="0.0" classname="se.nrm.dina.data.util.NamedQueriesNGTest"/>
  <testcase name="testCreateQueryFindAllWithSearchCriteria5" time="0.001" classname="se.nrm.dina.data.util.NamedQueriesNGTest"/>
  <testcase name="testCreateQueryFindAllWithSearchCriteria6" time="0.042" classname="se.nrm.dina.data.util.NamedQueriesNGTest"/>
  <testcase name="testGetInstance" time="0.001" classname="se.nrm.dina.data.util.NamedQueriesNGTest"/>
</testsuite> <!-- Surefire test -->
