<?xml version="1.0" encoding="UTF-8"?>
<!-- Generated by org.testng.reporters.JUnitXMLReporter -->
<testsuite hostname="Idas-MacBook-Air.local" name="Surefire test" tests="6" failures="0" timestamp="16 Feb 2016 15:33:35 GMT" time="0.08" errors="0">
  <testcase name="testDinaExceptionConstruct" time="0.034" classname="se.nrm.dina.data.exceptions.DinaExceptionNGTest"/>
  <testcase name="testDinaExceptionConstructWithMsg" time="0.001" classname="se.nrm.dina.data.exceptions.DinaExceptionNGTest"/>
  <testcase name="testDinaExceptionConstructWithMsgAndErrorCode" time="0.0" classname="se.nrm.dina.data.exceptions.DinaExceptionNGTest"/>
  <testcase name="testGetErrorCode" time="0.0" classname="se.nrm.dina.data.exceptions.DinaExceptionNGTest"/>
  <testcase name="testGetEntityNameErrorMsg" time="0.001" classname="se.nrm.dina.data.exceptions.ErrorMsgNGTest"/>
  <testcase name="testGetInstance" time="0.0" classname="se.nrm.dina.data.exceptions.ErrorMsgNGTest"/>
</testsuite> <!-- Surefire test -->
