<?xml version="1.0" encoding="UTF-8" standalone="yes"?><!DOCTYPE report PUBLIC "-//JACOCO//DTD Report 1.0//EN" "report.dtd"><report name="dina-data-service"><sessioninfo id="Idas-MacBook-Air.local-1e03fa6f" start="1455018204954" dump="1455018210033"/><package name="org/netbeans/rest/application/config"><class name="org/netbeans/rest/application/config/ApplicationConfig"><method name="&lt;init&gt;" desc="()V" line="16"><counter type="INSTRUCTION" missed="3" covered="0"/><counter type="LINE" missed="1" covered="0"/><counter type="COMPLEXITY" missed="1" covered="0"/><counter type="METHOD" missed="1" covered="0"/></method><method name="getClasses" desc="()Ljava/util/Set;" line="20"><counter type="INSTRUCTION" missed="9" covered="0"/><counter type="LINE" missed="3" covered="0"/><counter type="COMPLEXITY" missed="1" covered="0"/><counter type="METHOD" missed="1" covered="0"/></method><method name="addRestResourceClasses" desc="(Ljava/util/Set;)V" line="32"><counter type="INSTRUCTION" missed="5" covered="0"/><counter type="LINE" missed="2" covered="0"/><counter type="COMPLEXITY" missed="1" covered="0"/><counter type="METHOD" missed="1" covered="0"/></method><counter type="INSTRUCTION" missed="17" covered="0"/><counter type="LINE" missed="6" covered="0"/><counter type="COMPLEXITY" missed="3" covered="0"/><counter type="METHOD" missed="3" covered="0"/><counter type="CLASS" missed="1" covered="0"/></class><sourcefile name="ApplicationConfig.java"><line nr="16" mi="3" ci="0" mb="0" cb="0"/><line nr="20" mi="4" ci="0" mb="0" cb="0"/><line nr="21" mi="3" ci="0" mb="0" cb="0"/><line nr="22" mi="2" ci="0" mb="0" cb="0"/><line nr="32" mi="4" ci="0" mb="0" cb="0"/><line nr="33" mi="1" ci="0" mb="0" cb="0"/><counter type="INSTRUCTION" missed="17" covered="0"/><counter type="LINE" missed="6" covered="0"/><counter type="COMPLEXITY" missed="3" covered="0"/><counter type="METHOD" missed="3" covered="0"/><counter type="CLASS" missed="1" covered="0"/></sourcefile><counter type="INSTRUCTION" missed="17" covered="0"/><counter type="LINE" missed="6" covered="0"/><counter type="COMPLEXITY" missed="3" covered="0"/><counter type="METHOD" missed="3" covered="0"/><counter type="CLASS" missed="1" covered="0"/></package><package name="se/nrm/dina/data/service"><class name="se/nrm/dina/data/service/DinaService"><method name="&lt;init&gt;" desc="()V" line="44"><counter type="INSTRUCTION" missed="0" covered="8"/><counter type="LINE" missed="0" covered="3"/><counter type="COMPLEXITY" missed="0" covered="1"/><counter type="METHOD" missed="0" covered="1"/></method><method name="&lt;init&gt;" desc="(Lse/nrm/dina/data/logic/DinaDataLogic;)V" line="44"><counter type="INSTRUCTION" missed="0" covered="11"/><counter type="LINE" missed="0" covered="4"/><counter type="COMPLEXITY" missed="0" covered="1"/><counter type="METHOD" missed="0" covered="1"/></method><method name="getAllByEntityName" desc="(Ljava/lang/String;IIIILjava/lang/String;)Ljavax/ws/rs/core/Response;" line="66"><counter type="INSTRUCTION" missed="0" covered="54"/><counter type="BRANCH" missed="0" covered="2"/><counter type="LINE" missed="0" covered="12"/><counter type="COMPLEXITY" missed="0" covered="2"/><counter type="METHOD" missed="0" covered="1"/></method><method name="getData" desc="(Ljava/lang/String;Ljavax/ws/rs/core/UriInfo;)Ljavax/ws/rs/core/Response;" line="89"><counter type="INSTRUCTION" missed="0" covered="26"/><counter type="LINE" missed="0" covered="9"/><counter type="COMPLEXITY" missed="0" covered="1"/><counter type="METHOD" missed="0" covered="1"/></method><method name="getEntityById" desc="(Ljava/lang/String;Ljava/lang/String;)Ljavax/ws/rs/core/Response;" line="116"><counter type="INSTRUCTION" missed="0" covered="29"/><counter type="LINE" missed="0" covered="9"/><counter type="COMPLEXITY" missed="0" covered="1"/><counter type="METHOD" missed="0" covered="1"/></method><method name="getEntityCount" desc="(Ljava/lang/String;)Ljavax/ws/rs/core/Response;" line="143"><counter type="INSTRUCTION" missed="0" covered="30"/><counter type="LINE" missed="0" covered="9"/><counter type="COMPLEXITY" missed="0" covered="1"/><counter type="METHOD" missed="0" covered="1"/></method><method name="createNewEntity" desc="(Ljava/lang/String;Ljava/lang/String;)Ljavax/ws/rs/core/Response;" line="171"><counter type="INSTRUCTION" missed="0" covered="28"/><counter type="LINE" missed="0" covered="9"/><counter type="COMPLEXITY" missed="0" covered="1"/><counter type="METHOD" missed="0" covered="1"/></method><method name="updateEntity" desc="(Ljava/lang/String;Ljava/lang/String;)Ljavax/ws/rs/core/Response;" line="198"><counter type="INSTRUCTION" missed="0" covered="29"/><counter type="LINE" missed="0" covered="9"/><counter type="COMPLEXITY" missed="0" covered="1"/><counter type="METHOD" missed="0" covered="1"/></method><method name="deleteEntityById" desc="(Ljava/lang/String;I)Ljavax/ws/rs/core/Response;" line="225"><counter type="INSTRUCTION" missed="0" covered="38"/><counter type="LINE" missed="0" covered="10"/><counter type="COMPLEXITY" missed="0" covered="1"/><counter type="METHOD" missed="0" covered="1"/></method><counter type="INSTRUCTION" missed="0" covered="253"/><counter type="BRANCH" missed="0" covered="2"/><counter type="LINE" missed="0" covered="73"/><counter type="COMPLEXITY" missed="0" covered="10"/><counter type="METHOD" missed="0" covered="9"/><counter type="CLASS" missed="0" covered="1"/></class><sourcefile name="DinaService.java"><line nr="44" mi="0" ci="10" mb="0" cb="0"/><line nr="49" mi="0" ci="2" mb="0" cb="0"/><line nr="51" mi="0" ci="1" mb="0" cb="0"/><line nr="53" mi="0" ci="2" mb="0" cb="0"/><line nr="54" mi="0" ci="3" mb="0" cb="0"/><line nr="55" mi="0" ci="1" mb="0" cb="0"/><line nr="66" mi="0" ci="15" mb="0" cb="0"/><line nr="68" mi="0" ci="4" mb="0" cb="0"/><line nr="69" mi="0" ci="2" mb="0" cb="2"/><line nr="70" mi="0" ci="5" mb="0" cb="0"/><line nr="74" mi="0" ci="13" mb="0" cb="0"/><line nr="75" mi="0" ci="1" mb="0" cb="0"/><line nr="76" mi="0" ci="2" mb="0" cb="0"/><line nr="77" mi="0" ci="1" mb="0" cb="0"/><line nr="78" mi="0" ci="5" mb="0" cb="0"/><line nr="79" mi="0" ci="2" mb="0" cb="0"/><line nr="80" mi="0" ci="2" mb="0" cb="0"/><line nr="81" mi="0" ci="2" mb="0" cb="0"/><line nr="89" mi="0" ci="3" mb="0" cb="0"/><line nr="92" mi="0" ci="8" mb="0" cb="0"/><line nr="93" mi="0" ci="1" mb="0" cb="0"/><line nr="94" mi="0" ci="2" mb="0" cb="0"/><line nr="95" mi="0" ci="1" mb="0" cb="0"/><line nr="96" mi="0" ci="5" mb="0" cb="0"/><line nr="97" mi="0" ci="2" mb="0" cb="0"/><line nr="98" mi="0" ci="2" mb="0" cb="0"/><line nr="99" mi="0" ci="2" mb="0" cb="0"/><line nr="116" mi="0" ci="6" mb="0" cb="0"/><line nr="119" mi="0" ci="8" mb="0" cb="0"/><line nr="120" mi="0" ci="1" mb="0" cb="0"/><line nr="121" mi="0" ci="2" mb="0" cb="0"/><line nr="122" mi="0" ci="1" mb="0" cb="0"/><line nr="123" mi="0" ci="5" mb="0" cb="0"/><line nr="124" mi="0" ci="2" mb="0" cb="0"/><line nr="125" mi="0" ci="2" mb="0" cb="0"/><line nr="126" mi="0" ci="2" mb="0" cb="0"/><line nr="143" mi="0" ci="5" mb="0" cb="0"/><line nr="146" mi="0" ci="5" mb="0" cb="0"/><line nr="148" mi="0" ci="5" mb="0" cb="0"/><line nr="149" mi="0" ci="3" mb="0" cb="0"/><line nr="150" mi="0" ci="1" mb="0" cb="0"/><line nr="151" mi="0" ci="5" mb="0" cb="0"/><line nr="152" mi="0" ci="2" mb="0" cb="0"/><line nr="153" mi="0" ci="2" mb="0" cb="0"/><line nr="154" mi="0" ci="2" mb="0" cb="0"/><line nr="171" mi="0" ci="5" mb="0" cb="0"/><line nr="174" mi="0" ci="8" mb="0" cb="0"/><line nr="175" mi="0" ci="1" mb="0" cb="0"/><line nr="176" mi="0" ci="2" mb="0" cb="0"/><line nr="177" mi="0" ci="1" mb="0" cb="0"/><line nr="178" mi="0" ci="5" mb="0" cb="0"/><line nr="179" mi="0" ci="2" mb="0" cb="0"/><line nr="180" mi="0" ci="2" mb="0" cb="0"/><line nr="181" mi="0" ci="2" mb="0" cb="0"/><line nr="198" mi="0" ci="6" mb="0" cb="0"/><line nr="201" mi="0" ci="8" mb="0" cb="0"/><line nr="202" mi="0" ci="1" mb="0" cb="0"/><line nr="203" mi="0" ci="2" mb="0" cb="0"/><line nr="204" mi="0" ci="1" mb="0" cb="0"/><line nr="205" mi="0" ci="5" mb="0" cb="0"/><line nr="206" mi="0" ci="2" mb="0" cb="0"/><line nr="207" mi="0" ci="2" mb="0" cb="0"/><line nr="208" mi="0" ci="2" mb="0" cb="0"/><line nr="225" mi="0" ci="7" mb="0" cb="0"/><line nr="228" mi="0" ci="5" mb="0" cb="0"/><line nr="229" mi="0" ci="4" mb="0" cb="0"/><line nr="230" mi="0" ci="6" mb="0" cb="0"/><line nr="231" mi="0" ci="1" mb="0" cb="0"/><line nr="232" mi="0" ci="4" mb="0" cb="0"/><line nr="233" mi="0" ci="5" mb="0" cb="0"/><line nr="234" mi="0" ci="2" mb="0" cb="0"/><line nr="235" mi="0" ci="2" mb="0" cb="0"/><line nr="236" mi="0" ci="2" mb="0" cb="0"/><counter type="INSTRUCTION" missed="0" covered="253"/><counter type="BRANCH" missed="0" covered="2"/><counter type="LINE" missed="0" covered="73"/><counter type="COMPLEXITY" missed="0" covered="10"/><counter type="METHOD" missed="0" covered="9"/><counter type="CLASS" missed="0" covered="1"/></sourcefile><counter type="INSTRUCTION" missed="0" covered="253"/><counter type="BRANCH" missed="0" covered="2"/><counter type="LINE" missed="0" covered="73"/><counter type="COMPLEXITY" missed="0" covered="10"/><counter type="METHOD" missed="0" covered="9"/><counter type="CLASS" missed="0" covered="1"/></package><counter type="INSTRUCTION" missed="17" covered="253"/><counter type="BRANCH" missed="0" covered="2"/><counter type="LINE" missed="6" covered="73"/><counter type="COMPLEXITY" missed="3" covered="10"/><counter type="METHOD" missed="3" covered="9"/><counter type="CLASS" missed="1" covered="1"/></report>