<?xml version="1.0" encoding="UTF-8"?>
<testng-results skipped="0" failed="0" total="42" passed="42">
  <reporter-output>
  </reporter-output>
  <suite name="Surefire suite" duration-ms="6601" started-at="2016-01-22T19:48:13Z" finished-at="2016-01-22T19:48:20Z">
    <groups>
    </groups>
    <test name="Surefire test" duration-ms="6601" started-at="2016-01-22T19:48:13Z" finished-at="2016-01-22T19:48:20Z">
      <class name="se.nrm.dina.data.logic.DinaDataLogicNGTest">
        <test-method status="PASS" signature="testFindAll_String()[pri:0, instance:testFindAll_String(se.nrm.dina.data.logic.DinaDataLogicNGTest)]" name="testFindAll_String" duration-ms="14" started-at="2016-01-22T20:48:14Z" finished-at="2016-01-22T20:48:14Z">
          <reporter-output>
          </reporter-output>
        </test-method> <!-- testFindAll_String -->
        <test-method status="PASS" signature="testFindAll_7args()[pri:0, instance:testFindAll_7args(se.nrm.dina.data.logic.DinaDataLogicNGTest)]" name="testFindAll_7args" duration-ms="8" started-at="2016-01-22T20:48:14Z" finished-at="2016-01-22T20:48:14Z">
          <reporter-output>
          </reporter-output>
        </test-method> <!-- testFindAll_7args -->
        <test-method status="PASS" signature="testUpdateEntity()[pri:0, instance:testUpdateEntity(se.nrm.dina.data.logic.DinaDataLogicNGTest)]" name="testUpdateEntity" duration-ms="3703" started-at="2016-01-22T20:48:14Z" finished-at="2016-01-22T20:48:18Z">
          <reporter-output>
          </reporter-output>
        </test-method> <!-- testUpdateEntity -->
        <test-method status="PASS" signature="testDeleteEntity()[pri:0, instance:testDeleteEntity(se.nrm.dina.data.logic.DinaDataLogicNGTest)]" name="testDeleteEntity" duration-ms="8" started-at="2016-01-22T20:48:18Z" finished-at="2016-01-22T20:48:18Z">
          <reporter-output>
          </reporter-output>
        </test-method> <!-- testDeleteEntity -->
        <test-method status="PASS" signature="testFindAllBySearchCriteria()[pri:0, instance:testFindAllBySearchCriteria(se.nrm.dina.data.logic.DinaDataLogicNGTest)]" name="testFindAllBySearchCriteria" duration-ms="39" started-at="2016-01-22T20:48:18Z" finished-at="2016-01-22T20:48:18Z">
          <reporter-output>
          </reporter-output>
        </test-method> <!-- testFindAllBySearchCriteria -->
        <test-method status="PASS" signature="testFindEntityCount()[pri:0, instance:testFindEntityCount(se.nrm.dina.data.logic.DinaDataLogicNGTest)]" name="testFindEntityCount" duration-ms="9" started-at="2016-01-22T20:48:18Z" finished-at="2016-01-22T20:48:18Z">
          <reporter-output>
          </reporter-output>
        </test-method> <!-- testFindEntityCount -->
        <test-method status="PASS" signature="testCreateEntity()[pri:0, instance:testCreateEntity(se.nrm.dina.data.logic.DinaDataLogicNGTest)]" name="testCreateEntity" duration-ms="1359" started-at="2016-01-22T20:48:18Z" finished-at="2016-01-22T20:48:20Z">
          <reporter-output>
          </reporter-output>
        </test-method> <!-- testCreateEntity -->
        <test-method status="PASS" signature="testFindById()[pri:0, instance:testFindById(se.nrm.dina.data.logic.DinaDataLogicNGTest)]" name="testFindById" duration-ms="24" started-at="2016-01-22T20:48:20Z" finished-at="2016-01-22T20:48:20Z">
          <reporter-output>
          </reporter-output>
        </test-method> <!-- testFindById -->
      </class> <!-- se.nrm.dina.data.logic.DinaDataLogicNGTest -->
      <class name="se.nrm.dina.data.jpa.DinaDaoImplTest">
        <test-method status="PASS" signature="testFindAll()[pri:0, instance:testFindAll(se.nrm.dina.data.jpa.DinaDaoImplTest)]" name="testFindAll" duration-ms="532" started-at="2016-01-22T20:48:13Z" finished-at="2016-01-22T20:48:14Z">
          <reporter-output>
          </reporter-output>
        </test-method> <!-- testFindAll -->
        <test-method status="PASS" signature="testFindAllWithConditions()[pri:0, instance:testFindAllWithConditions(se.nrm.dina.data.jpa.DinaDaoImplTest)]" name="testFindAllWithConditions" duration-ms="29" started-at="2016-01-22T20:48:14Z" finished-at="2016-01-22T20:48:14Z">
          <reporter-output>
          </reporter-output>
        </test-method> <!-- testFindAllWithConditions -->
        <test-method status="PASS" signature="testFindById()[pri:0, instance:testFindById(se.nrm.dina.data.jpa.DinaDaoImplTest)]" name="testFindById" duration-ms="39" started-at="2016-01-22T20:48:14Z" finished-at="2016-01-22T20:48:14Z">
          <reporter-output>
          </reporter-output>
        </test-method> <!-- testFindById -->
        <test-method status="PASS" signature="testFindByReference()[pri:0, instance:testFindByReference(se.nrm.dina.data.jpa.DinaDaoImplTest)]" name="testFindByReference" duration-ms="14" started-at="2016-01-22T20:48:14Z" finished-at="2016-01-22T20:48:14Z">
          <reporter-output>
          </reporter-output>
        </test-method> <!-- testFindByReference -->
        <test-method status="PASS" signature="testCreate()[pri:0, instance:testCreate(se.nrm.dina.data.jpa.DinaDaoImplTest)]" name="testCreate" duration-ms="10" started-at="2016-01-22T20:48:14Z" finished-at="2016-01-22T20:48:14Z">
          <reporter-output>
          </reporter-output>
        </test-method> <!-- testCreate -->
        <test-method status="PASS" signature="testMerge()[pri:0, instance:testMerge(se.nrm.dina.data.jpa.DinaDaoImplTest)]" name="testMerge" duration-ms="6" started-at="2016-01-22T20:48:14Z" finished-at="2016-01-22T20:48:14Z">
          <reporter-output>
          </reporter-output>
        </test-method> <!-- testMerge -->
        <test-method status="PASS" signature="testUpdateByJPQL()[pri:0, instance:testUpdateByJPQL(se.nrm.dina.data.jpa.DinaDaoImplTest)]" name="testUpdateByJPQL" duration-ms="8" started-at="2016-01-22T20:48:14Z" finished-at="2016-01-22T20:48:14Z">
          <reporter-output>
          </reporter-output>
        </test-method> <!-- testUpdateByJPQL -->
        <test-method status="PASS" signature="testDelete()[pri:0, instance:testDelete(se.nrm.dina.data.jpa.DinaDaoImplTest)]" name="testDelete" duration-ms="29" started-at="2016-01-22T20:48:14Z" finished-at="2016-01-22T20:48:14Z">
          <reporter-output>
          </reporter-output>
        </test-method> <!-- testDelete -->
        <test-method status="PASS" signature="testGetEntityByJPQL()[pri:0, instance:testGetEntityByJPQL(se.nrm.dina.data.jpa.DinaDaoImplTest)]" name="testGetEntityByJPQL" duration-ms="13" started-at="2016-01-22T20:48:14Z" finished-at="2016-01-22T20:48:14Z">
          <reporter-output>
          </reporter-output>
        </test-method> <!-- testGetEntityByJPQL -->
      </class> <!-- se.nrm.dina.data.jpa.DinaDaoImplTest -->
      <class name="se.nrm.dina.data.util.UtilNGTest">
        <test-method status="PASS" signature="testGetInstance()[pri:0, instance:testGetInstance(se.nrm.dina.data.util.UtilNGTest)]" name="testGetInstance" duration-ms="1" started-at="2016-01-22T20:48:14Z" finished-at="2016-01-22T20:48:14Z">
          <reporter-output>
          </reporter-output>
        </test-method> <!-- testGetInstance -->
        <test-method status="PASS" signature="testReformClassName()[pri:0, instance:testReformClassName(se.nrm.dina.data.util.UtilNGTest)]" name="testReformClassName" duration-ms="52" started-at="2016-01-22T20:48:14Z" finished-at="2016-01-22T20:48:14Z">
          <reporter-output>
          </reporter-output>
        </test-method> <!-- testReformClassName -->
        <test-method status="PASS" signature="testConvertClassNameToClass()[pri:0, instance:testConvertClassNameToClass(se.nrm.dina.data.util.UtilNGTest)]" name="testConvertClassNameToClass" duration-ms="1" started-at="2016-01-22T20:48:14Z" finished-at="2016-01-22T20:48:14Z">
          <reporter-output>
          </reporter-output>
        </test-method> <!-- testConvertClassNameToClass -->
        <test-method status="PASS" signature="testConvertClassNameToClassException()[pri:0, instance:testConvertClassNameToClassException(se.nrm.dina.data.util.UtilNGTest)]" name="testConvertClassNameToClassException" duration-ms="4" started-at="2016-01-22T20:48:14Z" finished-at="2016-01-22T20:48:14Z">
          <reporter-output>
          </reporter-output>
        </test-method> <!-- testConvertClassNameToClassException -->
        <test-method status="PASS" signature="testReformClassNameEmptyName()[pri:0, instance:testReformClassNameEmptyName(se.nrm.dina.data.util.UtilNGTest)]" name="testReformClassNameEmptyName" duration-ms="1" started-at="2016-01-22T20:48:14Z" finished-at="2016-01-22T20:48:14Z">
          <reporter-output>
          </reporter-output>
        </test-method> <!-- testReformClassNameEmptyName -->
        <test-method status="PASS" signature="testCreateNewInstance()[pri:0, instance:testCreateNewInstance(se.nrm.dina.data.util.UtilNGTest)]" name="testCreateNewInstance" duration-ms="0" started-at="2016-01-22T20:48:14Z" finished-at="2016-01-22T20:48:14Z">
          <reporter-output>
          </reporter-output>
        </test-method> <!-- testCreateNewInstance -->
        <test-method status="PASS" signature="testFailedCreateNewInstance()[pri:0, instance:testFailedCreateNewInstance(se.nrm.dina.data.util.UtilNGTest)]" name="testFailedCreateNewInstance" duration-ms="2" started-at="2016-01-22T20:48:14Z" finished-at="2016-01-22T20:48:14Z">
          <reporter-output>
          </reporter-output>
        </test-method> <!-- testFailedCreateNewInstance -->
        <test-method status="PASS" signature="testValidateEntityName()[pri:0, instance:testValidateEntityName(se.nrm.dina.data.util.UtilNGTest)]" name="testValidateEntityName" duration-ms="0" started-at="2016-01-22T20:48:14Z" finished-at="2016-01-22T20:48:14Z">
          <reporter-output>
          </reporter-output>
        </test-method> <!-- testValidateEntityName -->
        <test-method status="PASS" signature="testInvalidateEntityName()[pri:0, instance:testInvalidateEntityName(se.nrm.dina.data.util.UtilNGTest)]" name="testInvalidateEntityName" duration-ms="2" started-at="2016-01-22T20:48:14Z" finished-at="2016-01-22T20:48:14Z">
          <reporter-output>
          </reporter-output>
        </test-method> <!-- testInvalidateEntityName -->
        <test-method status="PASS" signature="testIsFieldsValid()[pri:0, instance:testIsFieldsValid(se.nrm.dina.data.util.UtilNGTest)]" name="testIsFieldsValid" duration-ms="182" started-at="2016-01-22T20:48:14Z" finished-at="2016-01-22T20:48:14Z">
          <reporter-output>
          </reporter-output>
        </test-method> <!-- testIsFieldsValid -->
        <test-method status="PASS" signature="testIsFieldsValidFailed()[pri:0, instance:testIsFieldsValidFailed(se.nrm.dina.data.util.UtilNGTest)]" name="testIsFieldsValidFailed" duration-ms="1" started-at="2016-01-22T20:48:14Z" finished-at="2016-01-22T20:48:14Z">
          <reporter-output>
          </reporter-output>
        </test-method> <!-- testIsFieldsValidFailed -->
        <test-method status="PASS" signature="testIsFieldsValidFailedExpected()[pri:0, instance:testIsFieldsValidFailedExpected(se.nrm.dina.data.util.UtilNGTest)]" name="testIsFieldsValidFailedExpected" duration-ms="1" started-at="2016-01-22T20:48:14Z" finished-at="2016-01-22T20:48:14Z">
          <reporter-output>
          </reporter-output>
        </test-method> <!-- testIsFieldsValidFailedExpected -->
        <test-method status="PASS" signature="testIsIntField()[pri:0, instance:testIsIntField(se.nrm.dina.data.util.UtilNGTest)]" name="testIsIntField" duration-ms="28" started-at="2016-01-22T20:48:14Z" finished-at="2016-01-22T20:48:14Z">
          <reporter-output>
          </reporter-output>
        </test-method> <!-- testIsIntField -->
        <test-method status="PASS" signature="testIsIntFieldFalse()[pri:0, instance:testIsIntFieldFalse(se.nrm.dina.data.util.UtilNGTest)]" name="testIsIntFieldFalse" duration-ms="1" started-at="2016-01-22T20:48:14Z" finished-at="2016-01-22T20:48:14Z">
          <reporter-output>
          </reporter-output>
        </test-method> <!-- testIsIntFieldFalse -->
        <test-method status="PASS" signature="testIsIntegerFieldException()[pri:0, instance:testIsIntegerFieldException(se.nrm.dina.data.util.UtilNGTest)]" name="testIsIntegerFieldException" duration-ms="2" started-at="2016-01-22T20:48:14Z" finished-at="2016-01-22T20:48:14Z">
          <reporter-output>
          </reporter-output>
        </test-method> <!-- testIsIntegerFieldException -->
        <test-method status="PASS" signature="testIsIntegerField()[pri:0, instance:testIsIntegerField(se.nrm.dina.data.util.UtilNGTest)]" name="testIsIntegerField" duration-ms="1" started-at="2016-01-22T20:48:14Z" finished-at="2016-01-22T20:48:14Z">
          <reporter-output>
          </reporter-output>
        </test-method> <!-- testIsIntegerField -->
        <test-method status="PASS" signature="testIsEntity()[pri:0, instance:testIsEntity(se.nrm.dina.data.util.UtilNGTest)]" name="testIsEntity" duration-ms="2" started-at="2016-01-22T20:48:14Z" finished-at="2016-01-22T20:48:14Z">
          <reporter-output>
          </reporter-output>
        </test-method> <!-- testIsEntity -->
        <test-method status="PASS" signature="testIsEntityFalse()[pri:0, instance:testIsEntityFalse(se.nrm.dina.data.util.UtilNGTest)]" name="testIsEntityFalse" duration-ms="2" started-at="2016-01-22T20:48:14Z" finished-at="2016-01-22T20:48:14Z">
          <reporter-output>
          </reporter-output>
        </test-method> <!-- testIsEntityFalse -->
        <test-method status="PASS" signature="testIsEntityFalseException()[pri:0, instance:testIsEntityFalseException(se.nrm.dina.data.util.UtilNGTest)]" name="testIsEntityFalseException" duration-ms="1" started-at="2016-01-22T20:48:14Z" finished-at="2016-01-22T20:48:14Z">
          <reporter-output>
          </reporter-output>
        </test-method> <!-- testIsEntityFalseException -->
        <test-method status="PASS" signature="testIsCollection()[pri:0, instance:testIsCollection(se.nrm.dina.data.util.UtilNGTest)]" name="testIsCollection" duration-ms="1" started-at="2016-01-22T20:48:14Z" finished-at="2016-01-22T20:48:14Z">
          <reporter-output>
          </reporter-output>
        </test-method> <!-- testIsCollection -->
        <test-method status="PASS" signature="testGetEntity()[pri:0, instance:testGetEntity(se.nrm.dina.data.util.UtilNGTest)]" name="testGetEntity" duration-ms="2" started-at="2016-01-22T20:48:14Z" finished-at="2016-01-22T20:48:14Z">
          <reporter-output>
          </reporter-output>
        </test-method> <!-- testGetEntity -->
        <test-method status="PASS" signature="testValidateFields()[pri:0, instance:testValidateFields(se.nrm.dina.data.util.UtilNGTest)]" name="testValidateFields" duration-ms="2" started-at="2016-01-22T20:48:14Z" finished-at="2016-01-22T20:48:14Z">
          <reporter-output>
          </reporter-output>
        </test-method> <!-- testValidateFields -->
        <test-method status="PASS" signature="testGetIDFieldName_EntityBean()[pri:0, instance:testGetIDFieldName_EntityBean(se.nrm.dina.data.util.UtilNGTest)]" name="testGetIDFieldName_EntityBean" duration-ms="29" started-at="2016-01-22T20:48:14Z" finished-at="2016-01-22T20:48:14Z">
          <reporter-output>
          </reporter-output>
        </test-method> <!-- testGetIDFieldName_EntityBean -->
        <test-method status="PASS" signature="testGetIDFieldName_String()[pri:0, instance:testGetIDFieldName_String(se.nrm.dina.data.util.UtilNGTest)]" name="testGetIDFieldName_String" duration-ms="2" started-at="2016-01-22T20:48:14Z" finished-at="2016-01-22T20:48:14Z">
          <reporter-output>
          </reporter-output>
        </test-method> <!-- testGetIDFieldName_String -->
        <test-method status="PASS" signature="testMaxLimit()[pri:0, instance:testMaxLimit(se.nrm.dina.data.util.UtilNGTest)]" name="testMaxLimit" duration-ms="2" started-at="2016-01-22T20:48:14Z" finished-at="2016-01-22T20:48:14Z">
          <reporter-output>
          </reporter-output>
        </test-method> <!-- testMaxLimit -->
      </class> <!-- se.nrm.dina.data.util.UtilNGTest -->
    </test> <!-- Surefire test -->
  </suite> <!-- Surefire suite -->
</testng-results>
