<?xml version="1.0" encoding="UTF-8"?>
<testng-results skipped="0" failed="0" total="6" passed="6">
  <reporter-output>
  </reporter-output>
  <suite name="Surefire suite" duration-ms="184" started-at="2016-04-20T11:58:10Z" finished-at="2016-04-20T11:58:10Z">
    <groups>
    </groups>
    <test name="Surefire test" duration-ms="184" started-at="2016-04-20T11:58:10Z" finished-at="2016-04-20T11:58:10Z">
      <class name="se.nrm.dina.data.exceptions.ErrorMsgNGTest">
        <test-method status="PASS" signature="setUpClass()[pri:0, instance:se.nrm.dina.data.exceptions.ErrorMsgNGTest@a7f0ab6]" name="setUpClass" is-config="true" duration-ms="0" started-at="2016-04-20T13:58:10Z" finished-at="2016-04-20T13:58:10Z">
          <reporter-output>
          </reporter-output>
        </test-method> <!-- setUpClass -->
        <test-method status="PASS" signature="testGetEntityNameErrorMsg()[pri:0, instance:se.nrm.dina.data.exceptions.ErrorMsgNGTest@a7f0ab6]" name="testGetEntityNameErrorMsg" duration-ms="6" started-at="2016-04-20T13:58:10Z" finished-at="2016-04-20T13:58:10Z">
          <reporter-output>
          </reporter-output>
        </test-method> <!-- testGetEntityNameErrorMsg -->
        <test-method status="PASS" signature="testGetInstance()[pri:0, instance:se.nrm.dina.data.exceptions.ErrorMsgNGTest@a7f0ab6]" name="testGetInstance" duration-ms="0" started-at="2016-04-20T13:58:10Z" finished-at="2016-04-20T13:58:10Z">
          <reporter-output>
          </reporter-output>
        </test-method> <!-- testGetInstance -->
        <test-method status="PASS" signature="tearDownClass()[pri:0, instance:se.nrm.dina.data.exceptions.ErrorMsgNGTest@a7f0ab6]" name="tearDownClass" is-config="true" duration-ms="1" started-at="2016-04-20T13:58:10Z" finished-at="2016-04-20T13:58:10Z">
          <reporter-output>
          </reporter-output>
        </test-method> <!-- tearDownClass -->
      </class> <!-- se.nrm.dina.data.exceptions.ErrorMsgNGTest -->
      <class name="se.nrm.dina.data.exceptions.DinaExceptionNGTest">
        <test-method status="PASS" signature="testDinaExceptionConstruct()[pri:0, instance:se.nrm.dina.data.exceptions.DinaExceptionNGTest@27c04377]" name="testDinaExceptionConstruct" duration-ms="99" started-at="2016-04-20T13:58:10Z" finished-at="2016-04-20T13:58:10Z">
          <reporter-output>
          </reporter-output>
        </test-method> <!-- testDinaExceptionConstruct -->
        <test-method status="PASS" signature="testDinaExceptionConstructWithMsg()[pri:0, instance:se.nrm.dina.data.exceptions.DinaExceptionNGTest@27c04377]" name="testDinaExceptionConstructWithMsg" duration-ms="13" started-at="2016-04-20T13:58:10Z" finished-at="2016-04-20T13:58:10Z">
          <reporter-output>
          </reporter-output>
        </test-method> <!-- testDinaExceptionConstructWithMsg -->
        <test-method status="PASS" signature="testDinaExceptionConstructWithMsgAndErrorCode()[pri:0, instance:se.nrm.dina.data.exceptions.DinaExceptionNGTest@27c04377]" name="testDinaExceptionConstructWithMsgAndErrorCode" duration-ms="1" started-at="2016-04-20T13:58:10Z" finished-at="2016-04-20T13:58:10Z">
          <reporter-output>
          </reporter-output>
        </test-method> <!-- testDinaExceptionConstructWithMsgAndErrorCode -->
        <test-method status="PASS" signature="testGetErrorCode()[pri:0, instance:se.nrm.dina.data.exceptions.DinaExceptionNGTest@27c04377]" name="testGetErrorCode" duration-ms="1" started-at="2016-04-20T13:58:10Z" finished-at="2016-04-20T13:58:10Z">
          <reporter-output>
          </reporter-output>
        </test-method> <!-- testGetErrorCode -->
      </class> <!-- se.nrm.dina.data.exceptions.DinaExceptionNGTest -->
    </test> <!-- Surefire test -->
  </suite> <!-- Surefire suite -->
</testng-results>
