<?xml version="1.0" encoding="UTF-8"?>
<testng-results skipped="0" failed="0" total="16" passed="16">
  <reporter-output>
  </reporter-output>
  <suite name="Surefire suite" duration-ms="6056" started-at="2016-01-23T14:03:26Z" finished-at="2016-01-23T14:03:32Z">
    <groups>
    </groups>
    <test name="Surefire test" duration-ms="6056" started-at="2016-01-23T14:03:26Z" finished-at="2016-01-23T14:03:32Z">
      <class name="se.nrm.dina.data.service.DinaServiceNGTest">
        <test-method status="PASS" signature="testUpdateEntityFailure()[pri:0, instance:testUpdateEntityFailure(se.nrm.dina.data.service.DinaServiceNGTest)]" name="testUpdateEntityFailure" duration-ms="3562" started-at="2016-01-23T15:03:27Z" finished-at="2016-01-23T15:03:30Z">
          <reporter-output>
          </reporter-output>
        </test-method> <!-- testUpdateEntityFailure -->
        <test-method status="PASS" signature="testDeleteEntityById()[pri:0, instance:testDeleteEntityById(se.nrm.dina.data.service.DinaServiceNGTest)]" name="testDeleteEntityById" duration-ms="124" started-at="2016-01-23T15:03:30Z" finished-at="2016-01-23T15:03:30Z">
          <reporter-output>
          </reporter-output>
        </test-method> <!-- testDeleteEntityById -->
        <test-method status="PASS" signature="testDeleteEntityByIdFailure()[pri:0, instance:testDeleteEntityByIdFailure(se.nrm.dina.data.service.DinaServiceNGTest)]" name="testDeleteEntityByIdFailure" duration-ms="117" started-at="2016-01-23T15:03:30Z" finished-at="2016-01-23T15:03:30Z">
          <reporter-output>
          </reporter-output>
        </test-method> <!-- testDeleteEntityByIdFailure -->
        <test-method status="PASS" signature="testGetDataFailure()[pri:0, instance:testGetDataFailure(se.nrm.dina.data.service.DinaServiceNGTest)]" name="testGetDataFailure" duration-ms="101" started-at="2016-01-23T15:03:30Z" finished-at="2016-01-23T15:03:31Z">
          <reporter-output>
          </reporter-output>
        </test-method> <!-- testGetDataFailure -->
        <test-method status="PASS" signature="testGetData()[pri:0, instance:testGetData(se.nrm.dina.data.service.DinaServiceNGTest)]" name="testGetData" duration-ms="279" started-at="2016-01-23T15:03:31Z" finished-at="2016-01-23T15:03:31Z">
          <reporter-output>
          </reporter-output>
        </test-method> <!-- testGetData -->
        <test-method status="PASS" signature="testGetEntityById()[pri:0, instance:testGetEntityById(se.nrm.dina.data.service.DinaServiceNGTest)]" name="testGetEntityById" duration-ms="205" started-at="2016-01-23T15:03:31Z" finished-at="2016-01-23T15:03:31Z">
          <reporter-output>
          </reporter-output>
        </test-method> <!-- testGetEntityById -->
        <test-method status="PASS" signature="testGetEntityByIdFailure()[pri:0, instance:testGetEntityByIdFailure(se.nrm.dina.data.service.DinaServiceNGTest)]" name="testGetEntityByIdFailure" duration-ms="155" started-at="2016-01-23T15:03:31Z" finished-at="2016-01-23T15:03:31Z">
          <reporter-output>
          </reporter-output>
        </test-method> <!-- testGetEntityByIdFailure -->
        <test-method status="PASS" signature="testGetEntityCount()[pri:0, instance:testGetEntityCount(se.nrm.dina.data.service.DinaServiceNGTest)]" name="testGetEntityCount" duration-ms="114" started-at="2016-01-23T15:03:31Z" finished-at="2016-01-23T15:03:31Z">
          <reporter-output>
          </reporter-output>
        </test-method> <!-- testGetEntityCount -->
        <test-method status="PASS" signature="testGetEntityCountFailure()[pri:0, instance:testGetEntityCountFailure(se.nrm.dina.data.service.DinaServiceNGTest)]" name="testGetEntityCountFailure" duration-ms="57" started-at="2016-01-23T15:03:31Z" finished-at="2016-01-23T15:03:31Z">
          <reporter-output>
          </reporter-output>
        </test-method> <!-- testGetEntityCountFailure -->
        <test-method status="PASS" signature="testCreateNewEntity()[pri:0, instance:testCreateNewEntity(se.nrm.dina.data.service.DinaServiceNGTest)]" name="testCreateNewEntity" duration-ms="138" started-at="2016-01-23T15:03:31Z" finished-at="2016-01-23T15:03:32Z">
          <reporter-output>
          </reporter-output>
        </test-method> <!-- testCreateNewEntity -->
        <test-method status="PASS" signature="testCreateNewEntityFailure()[pri:0, instance:testCreateNewEntityFailure(se.nrm.dina.data.service.DinaServiceNGTest)]" name="testCreateNewEntityFailure" duration-ms="82" started-at="2016-01-23T15:03:32Z" finished-at="2016-01-23T15:03:32Z">
          <reporter-output>
          </reporter-output>
        </test-method> <!-- testCreateNewEntityFailure -->
        <test-method status="PASS" signature="testUpdateEntity()[pri:0, instance:testUpdateEntity(se.nrm.dina.data.service.DinaServiceNGTest)]" name="testUpdateEntity" duration-ms="100" started-at="2016-01-23T15:03:32Z" finished-at="2016-01-23T15:03:32Z">
          <reporter-output>
          </reporter-output>
        </test-method> <!-- testUpdateEntity -->
        <test-method status="PASS" signature="testDinaServiceConstractor()[pri:0, instance:testDinaServiceConstractor(se.nrm.dina.data.service.DinaServiceNGTest)]" name="testDinaServiceConstractor" duration-ms="84" started-at="2016-01-23T15:03:32Z" finished-at="2016-01-23T15:03:32Z">
          <reporter-output>
          </reporter-output>
        </test-method> <!-- testDinaServiceConstractor -->
        <test-method status="PASS" signature="testGetAllByEntityName()[pri:0, instance:testGetAllByEntityName(se.nrm.dina.data.service.DinaServiceNGTest)]" name="testGetAllByEntityName" duration-ms="122" started-at="2016-01-23T15:03:32Z" finished-at="2016-01-23T15:03:32Z">
          <reporter-output>
          </reporter-output>
        </test-method> <!-- testGetAllByEntityName -->
        <test-method status="PASS" signature="testGetAllByEntityName2()[pri:0, instance:testGetAllByEntityName2(se.nrm.dina.data.service.DinaServiceNGTest)]" name="testGetAllByEntityName2" duration-ms="99" started-at="2016-01-23T15:03:32Z" finished-at="2016-01-23T15:03:32Z">
          <reporter-output>
          </reporter-output>
        </test-method> <!-- testGetAllByEntityName2 -->
        <test-method status="PASS" signature="testGetAllByEntityNameFailure()[pri:0, instance:testGetAllByEntityNameFailure(se.nrm.dina.data.service.DinaServiceNGTest)]" name="testGetAllByEntityNameFailure" duration-ms="112" started-at="2016-01-23T15:03:32Z" finished-at="2016-01-23T15:03:32Z">
          <reporter-output>
          </reporter-output>
        </test-method> <!-- testGetAllByEntityNameFailure -->
      </class> <!-- se.nrm.dina.data.service.DinaServiceNGTest -->
    </test> <!-- Surefire test -->
  </suite> <!-- Surefire suite -->
</testng-results>
