<?xml version="1.0" encoding="UTF-8"?>
<testng-results skipped="0" failed="0" total="7" passed="7">
  <reporter-output>
  </reporter-output>
  <suite name="Surefire suite" duration-ms="2192" started-at="2016-01-22T17:54:06Z" finished-at="2016-01-22T17:54:09Z">
    <groups>
    </groups>
    <test name="Surefire test" duration-ms="2192" started-at="2016-01-22T17:54:06Z" finished-at="2016-01-22T17:54:09Z">
      <class name="se.nrm.dina.data.service.DinaServiceNGTest">
        <test-method status="PASS" signature="testGetAllByEntityName()[pri:0, instance:testGetAllByEntityName(se.nrm.dina.data.service.DinaServiceNGTest)]" name="testGetAllByEntityName" duration-ms="1583" started-at="2016-01-22T18:54:07Z" finished-at="2016-01-22T18:54:08Z">
          <reporter-output>
          </reporter-output>
        </test-method> <!-- testGetAllByEntityName -->
        <test-method status="PASS" signature="testGetData()[pri:0, instance:testGetData(se.nrm.dina.data.service.DinaServiceNGTest)]" name="testGetData" duration-ms="46" started-at="2016-01-22T18:54:08Z" finished-at="2016-01-22T18:54:08Z">
          <reporter-output>
          </reporter-output>
        </test-method> <!-- testGetData -->
        <test-method status="PASS" signature="testGetEntityById()[pri:0, instance:testGetEntityById(se.nrm.dina.data.service.DinaServiceNGTest)]" name="testGetEntityById" duration-ms="98" started-at="2016-01-22T18:54:08Z" finished-at="2016-01-22T18:54:08Z">
          <reporter-output>
          </reporter-output>
        </test-method> <!-- testGetEntityById -->
        <test-method status="PASS" signature="testGetEntityCount()[pri:0, instance:testGetEntityCount(se.nrm.dina.data.service.DinaServiceNGTest)]" name="testGetEntityCount" duration-ms="40" started-at="2016-01-22T18:54:08Z" finished-at="2016-01-22T18:54:08Z">
          <reporter-output>
          </reporter-output>
        </test-method> <!-- testGetEntityCount -->
        <test-method status="PASS" signature="testCreateNewEntity()[pri:0, instance:testCreateNewEntity(se.nrm.dina.data.service.DinaServiceNGTest)]" name="testCreateNewEntity" duration-ms="54" started-at="2016-01-22T18:54:08Z" finished-at="2016-01-22T18:54:09Z">
          <reporter-output>
          </reporter-output>
        </test-method> <!-- testCreateNewEntity -->
        <test-method status="PASS" signature="testUpdateEntity()[pri:0, instance:testUpdateEntity(se.nrm.dina.data.service.DinaServiceNGTest)]" name="testUpdateEntity" duration-ms="42" started-at="2016-01-22T18:54:09Z" finished-at="2016-01-22T18:54:09Z">
          <reporter-output>
          </reporter-output>
        </test-method> <!-- testUpdateEntity -->
        <test-method status="PASS" signature="testDeleteEntityById()[pri:0, instance:testDeleteEntityById(se.nrm.dina.data.service.DinaServiceNGTest)]" name="testDeleteEntityById" duration-ms="32" started-at="2016-01-22T18:54:09Z" finished-at="2016-01-22T18:54:09Z">
          <reporter-output>
          </reporter-output>
        </test-method> <!-- testDeleteEntityById -->
      </class> <!-- se.nrm.dina.data.service.DinaServiceNGTest -->
    </test> <!-- Surefire test -->
  </suite> <!-- Surefire suite -->
</testng-results>
