<?xml version="1.0" encoding="UTF-8"?>
<!-- Generated by org.testng.reporters.JUnitXMLReporter -->
<testsuite hostname="Idas-MacBook-Air.local" name="Surefire test" tests="42" failures="0" timestamp="22 Jan 2016 19:48:20 GMT" time="6.601" errors="0">
  <testcase name="testFindAll on testFindAll(se.nrm.dina.data.jpa.DinaDaoImplTest)" time="0.532" classname="se.nrm.dina.data.jpa.DinaDaoImplTest"/>
  <testcase name="testFindAllWithConditions on testFindAllWithConditions(se.nrm.dina.data.jpa.DinaDaoImplTest)" time="0.029" classname="se.nrm.dina.data.jpa.DinaDaoImplTest"/>
  <testcase name="testFindById on testFindById(se.nrm.dina.data.jpa.DinaDaoImplTest)" time="0.039" classname="se.nrm.dina.data.jpa.DinaDaoImplTest"/>
  <testcase name="testFindByReference on testFindByReference(se.nrm.dina.data.jpa.DinaDaoImplTest)" time="0.014" classname="se.nrm.dina.data.jpa.DinaDaoImplTest"/>
  <testcase name="testCreate on testCreate(se.nrm.dina.data.jpa.DinaDaoImplTest)" time="0.01" classname="se.nrm.dina.data.jpa.DinaDaoImplTest"/>
  <testcase name="testMerge on testMerge(se.nrm.dina.data.jpa.DinaDaoImplTest)" time="0.006" classname="se.nrm.dina.data.jpa.DinaDaoImplTest"/>
  <testcase name="testUpdateByJPQL on testUpdateByJPQL(se.nrm.dina.data.jpa.DinaDaoImplTest)" time="0.008" classname="se.nrm.dina.data.jpa.DinaDaoImplTest"/>
  <testcase name="testDelete on testDelete(se.nrm.dina.data.jpa.DinaDaoImplTest)" time="0.029" classname="se.nrm.dina.data.jpa.DinaDaoImplTest"/>
  <testcase name="testGetEntityByJPQL on testGetEntityByJPQL(se.nrm.dina.data.jpa.DinaDaoImplTest)" time="0.013" classname="se.nrm.dina.data.jpa.DinaDaoImplTest"/>
  <testcase name="testGetInstance on testGetInstance(se.nrm.dina.data.util.UtilNGTest)" time="0.001" classname="se.nrm.dina.data.util.UtilNGTest"/>
  <testcase name="testReformClassName on testReformClassName(se.nrm.dina.data.util.UtilNGTest)" time="0.052" classname="se.nrm.dina.data.util.UtilNGTest"/>
  <testcase name="testConvertClassNameToClass on testConvertClassNameToClass(se.nrm.dina.data.util.UtilNGTest)" time="0.001" classname="se.nrm.dina.data.util.UtilNGTest"/>
  <testcase name="testConvertClassNameToClassException on testConvertClassNameToClassException(se.nrm.dina.data.util.UtilNGTest)" time="0.004" classname="se.nrm.dina.data.util.UtilNGTest"/>
  <testcase name="testReformClassNameEmptyName on testReformClassNameEmptyName(se.nrm.dina.data.util.UtilNGTest)" time="0.001" classname="se.nrm.dina.data.util.UtilNGTest"/>
  <testcase name="testCreateNewInstance on testCreateNewInstance(se.nrm.dina.data.util.UtilNGTest)" time="0.0" classname="se.nrm.dina.data.util.UtilNGTest"/>
  <testcase name="testFailedCreateNewInstance on testFailedCreateNewInstance(se.nrm.dina.data.util.UtilNGTest)" time="0.002" classname="se.nrm.dina.data.util.UtilNGTest"/>
  <testcase name="testValidateEntityName on testValidateEntityName(se.nrm.dina.data.util.UtilNGTest)" time="0.0" classname="se.nrm.dina.data.util.UtilNGTest"/>
  <testcase name="testInvalidateEntityName on testInvalidateEntityName(se.nrm.dina.data.util.UtilNGTest)" time="0.002" classname="se.nrm.dina.data.util.UtilNGTest"/>
  <testcase name="testIsFieldsValid on testIsFieldsValid(se.nrm.dina.data.util.UtilNGTest)" time="0.182" classname="se.nrm.dina.data.util.UtilNGTest"/>
  <testcase name="testIsFieldsValidFailed on testIsFieldsValidFailed(se.nrm.dina.data.util.UtilNGTest)" time="0.001" classname="se.nrm.dina.data.util.UtilNGTest"/>
  <testcase name="testIsFieldsValidFailedExpected on testIsFieldsValidFailedExpected(se.nrm.dina.data.util.UtilNGTest)" time="0.001" classname="se.nrm.dina.data.util.UtilNGTest"/>
  <testcase name="testIsIntField on testIsIntField(se.nrm.dina.data.util.UtilNGTest)" time="0.028" classname="se.nrm.dina.data.util.UtilNGTest"/>
  <testcase name="testIsIntFieldFalse on testIsIntFieldFalse(se.nrm.dina.data.util.UtilNGTest)" time="0.001" classname="se.nrm.dina.data.util.UtilNGTest"/>
  <testcase name="testIsIntegerFieldException on testIsIntegerFieldException(se.nrm.dina.data.util.UtilNGTest)" time="0.002" classname="se.nrm.dina.data.util.UtilNGTest"/>
  <testcase name="testIsIntegerField on testIsIntegerField(se.nrm.dina.data.util.UtilNGTest)" time="0.001" classname="se.nrm.dina.data.util.UtilNGTest"/>
  <testcase name="testIsEntity on testIsEntity(se.nrm.dina.data.util.UtilNGTest)" time="0.002" classname="se.nrm.dina.data.util.UtilNGTest"/>
  <testcase name="testIsEntityFalse on testIsEntityFalse(se.nrm.dina.data.util.UtilNGTest)" time="0.002" classname="se.nrm.dina.data.util.UtilNGTest"/>
  <testcase name="testIsEntityFalseException on testIsEntityFalseException(se.nrm.dina.data.util.UtilNGTest)" time="0.001" classname="se.nrm.dina.data.util.UtilNGTest"/>
  <testcase name="testIsCollection on testIsCollection(se.nrm.dina.data.util.UtilNGTest)" time="0.001" classname="se.nrm.dina.data.util.UtilNGTest"/>
  <testcase name="testGetEntity on testGetEntity(se.nrm.dina.data.util.UtilNGTest)" time="0.002" classname="se.nrm.dina.data.util.UtilNGTest"/>
  <testcase name="testValidateFields on testValidateFields(se.nrm.dina.data.util.UtilNGTest)" time="0.002" classname="se.nrm.dina.data.util.UtilNGTest"/>
  <testcase name="testGetIDFieldName_EntityBean on testGetIDFieldName_EntityBean(se.nrm.dina.data.util.UtilNGTest)" time="0.029" classname="se.nrm.dina.data.util.UtilNGTest"/>
  <testcase name="testGetIDFieldName_String on testGetIDFieldName_String(se.nrm.dina.data.util.UtilNGTest)" time="0.002" classname="se.nrm.dina.data.util.UtilNGTest"/>
  <testcase name="testMaxLimit on testMaxLimit(se.nrm.dina.data.util.UtilNGTest)" time="0.002" classname="se.nrm.dina.data.util.UtilNGTest"/>
  <testcase name="testFindAll_String on testFindAll_String(se.nrm.dina.data.logic.DinaDataLogicNGTest)" time="0.014" classname="se.nrm.dina.data.logic.DinaDataLogicNGTest"/>
  <testcase name="testFindAll_7args on testFindAll_7args(se.nrm.dina.data.logic.DinaDataLogicNGTest)" time="0.008" classname="se.nrm.dina.data.logic.DinaDataLogicNGTest"/>
  <testcase name="testUpdateEntity on testUpdateEntity(se.nrm.dina.data.logic.DinaDataLogicNGTest)" time="3.703" classname="se.nrm.dina.data.logic.DinaDataLogicNGTest"/>
  <testcase name="testDeleteEntity on testDeleteEntity(se.nrm.dina.data.logic.DinaDataLogicNGTest)" time="0.008" classname="se.nrm.dina.data.logic.DinaDataLogicNGTest"/>
  <testcase name="testFindAllBySearchCriteria on testFindAllBySearchCriteria(se.nrm.dina.data.logic.DinaDataLogicNGTest)" time="0.039" classname="se.nrm.dina.data.logic.DinaDataLogicNGTest"/>
  <testcase name="testFindEntityCount on testFindEntityCount(se.nrm.dina.data.logic.DinaDataLogicNGTest)" time="0.009" classname="se.nrm.dina.data.logic.DinaDataLogicNGTest"/>
  <testcase name="testCreateEntity on testCreateEntity(se.nrm.dina.data.logic.DinaDataLogicNGTest)" time="1.359" classname="se.nrm.dina.data.logic.DinaDataLogicNGTest"/>
  <testcase name="testFindById on testFindById(se.nrm.dina.data.logic.DinaDataLogicNGTest)" time="0.024" classname="se.nrm.dina.data.logic.DinaDataLogicNGTest"/>
</testsuite> <!-- Surefire test -->
