<?xml version="1.0" encoding="UTF-8"?>
<!-- Generated by org.testng.reporters.JUnitXMLReporter -->
<testsuite hostname="Idas-MacBook-Air.local" name="Surefire test" tests="63" failures="0" timestamp="10 Feb 2016 17:08:03 GMT" time="2.089" errors="0">
  <testcase name="testDinaDaoImplConstractor on testDinaDaoImplConstractor(se.nrm.dina.data.jpa.DinaDaoImplTest)" time="0.465" classname="se.nrm.dina.data.jpa.DinaDaoImplTest"/>
  <testcase name="testFindAll on testFindAll(se.nrm.dina.data.jpa.DinaDaoImplTest)" time="0.074" classname="se.nrm.dina.data.jpa.DinaDaoImplTest"/>
  <testcase name="testFindAllWithConditionsException on testFindAllWithConditionsException(se.nrm.dina.data.jpa.DinaDaoImplTest)" time="0.077" classname="se.nrm.dina.data.jpa.DinaDaoImplTest"/>
  <testcase name="testFindAllWithConditions1 on testFindAllWithConditions1(se.nrm.dina.data.jpa.DinaDaoImplTest)" time="0.038" classname="se.nrm.dina.data.jpa.DinaDaoImplTest"/>
  <testcase name="testFindAllWithConditions2 on testFindAllWithConditions2(se.nrm.dina.data.jpa.DinaDaoImplTest)" time="0.008" classname="se.nrm.dina.data.jpa.DinaDaoImplTest"/>
  <testcase name="testFindById on testFindById(se.nrm.dina.data.jpa.DinaDaoImplTest)" time="0.023" classname="se.nrm.dina.data.jpa.DinaDaoImplTest"/>
  <testcase name="testFindByIdFailure on testFindByIdFailure(se.nrm.dina.data.jpa.DinaDaoImplTest)" time="0.009" classname="se.nrm.dina.data.jpa.DinaDaoImplTest"/>
  <testcase name="testFindByIdFailure2 on testFindByIdFailure2(se.nrm.dina.data.jpa.DinaDaoImplTest)" time="0.021" classname="se.nrm.dina.data.jpa.DinaDaoImplTest"/>
  <testcase name="testFindByIdForNoVisionEntities on testFindByIdForNoVisionEntities(se.nrm.dina.data.jpa.DinaDaoImplTest)" time="0.003" classname="se.nrm.dina.data.jpa.DinaDaoImplTest"/>
  <testcase name="testFindByIdForNoVisionEntities1 on testFindByIdForNoVisionEntities1(se.nrm.dina.data.jpa.DinaDaoImplTest)" time="0.009" classname="se.nrm.dina.data.jpa.DinaDaoImplTest"/>
  <testcase name="testFindByIdForNoVisionEntities2 on testFindByIdForNoVisionEntities2(se.nrm.dina.data.jpa.DinaDaoImplTest)" time="0.004" classname="se.nrm.dina.data.jpa.DinaDaoImplTest"/>
  <testcase name="testFindByIdForNoVisionEntities3 on testFindByIdForNoVisionEntities3(se.nrm.dina.data.jpa.DinaDaoImplTest)" time="0.004" classname="se.nrm.dina.data.jpa.DinaDaoImplTest"/>
  <testcase name="testFindByIdForNoVisionEntities4 on testFindByIdForNoVisionEntities4(se.nrm.dina.data.jpa.DinaDaoImplTest)" time="0.006" classname="se.nrm.dina.data.jpa.DinaDaoImplTest"/>
  <testcase name="testFindByIdForNoVisionEntities5 on testFindByIdForNoVisionEntities5(se.nrm.dina.data.jpa.DinaDaoImplTest)" time="0.003" classname="se.nrm.dina.data.jpa.DinaDaoImplTest"/>
  <testcase name="testFindByStringId on testFindByStringId(se.nrm.dina.data.jpa.DinaDaoImplTest)" time="0.004" classname="se.nrm.dina.data.jpa.DinaDaoImplTest"/>
  <testcase name="testFindByStringIdFailure on testFindByStringIdFailure(se.nrm.dina.data.jpa.DinaDaoImplTest)" time="0.01" classname="se.nrm.dina.data.jpa.DinaDaoImplTest"/>
  <testcase name="testFindByStringIdFailure2 on testFindByStringIdFailure2(se.nrm.dina.data.jpa.DinaDaoImplTest)" time="0.009" classname="se.nrm.dina.data.jpa.DinaDaoImplTest"/>
  <testcase name="testFindByReference on testFindByReference(se.nrm.dina.data.jpa.DinaDaoImplTest)" time="0.002" classname="se.nrm.dina.data.jpa.DinaDaoImplTest"/>
  <testcase name="testCreate on testCreate(se.nrm.dina.data.jpa.DinaDaoImplTest)" time="0.005" classname="se.nrm.dina.data.jpa.DinaDaoImplTest"/>
  <testcase name="testCreateFailure on testCreateFailure(se.nrm.dina.data.jpa.DinaDaoImplTest)" time="0.026" classname="se.nrm.dina.data.jpa.DinaDaoImplTest"/>
  <testcase name="testCreateFailure2 on testCreateFailure2(se.nrm.dina.data.jpa.DinaDaoImplTest)" time="0.003" classname="se.nrm.dina.data.jpa.DinaDaoImplTest"/>
  <testcase name="testMerge on testMerge(se.nrm.dina.data.jpa.DinaDaoImplTest)" time="0.003" classname="se.nrm.dina.data.jpa.DinaDaoImplTest"/>
  <testcase name="testMergeFailure1 on testMergeFailure1(se.nrm.dina.data.jpa.DinaDaoImplTest)" time="0.017" classname="se.nrm.dina.data.jpa.DinaDaoImplTest"/>
  <testcase name="testMergeFailure2 on testMergeFailure2(se.nrm.dina.data.jpa.DinaDaoImplTest)" time="0.876" classname="se.nrm.dina.data.jpa.DinaDaoImplTest"/>
  <testcase name="testMergeFailure3 on testMergeFailure3(se.nrm.dina.data.jpa.DinaDaoImplTest)" time="0.004" classname="se.nrm.dina.data.jpa.DinaDaoImplTest"/>
  <testcase name="testUpdateByJPQL on testUpdateByJPQL(se.nrm.dina.data.jpa.DinaDaoImplTest)" time="0.003" classname="se.nrm.dina.data.jpa.DinaDaoImplTest"/>
  <testcase name="testUpdateByJPQLFailure on testUpdateByJPQLFailure(se.nrm.dina.data.jpa.DinaDaoImplTest)" time="0.002" classname="se.nrm.dina.data.jpa.DinaDaoImplTest"/>
  <testcase name="testDelete on testDelete(se.nrm.dina.data.jpa.DinaDaoImplTest)" time="0.004" classname="se.nrm.dina.data.jpa.DinaDaoImplTest"/>
  <testcase name="testDeleteFailure1 on testDeleteFailure1(se.nrm.dina.data.jpa.DinaDaoImplTest)" time="0.003" classname="se.nrm.dina.data.jpa.DinaDaoImplTest"/>
  <testcase name="testDeleteFailure2 on testDeleteFailure2(se.nrm.dina.data.jpa.DinaDaoImplTest)" time="0.002" classname="se.nrm.dina.data.jpa.DinaDaoImplTest"/>
  <testcase name="testGetEntityByJPQL on testGetEntityByJPQL(se.nrm.dina.data.jpa.DinaDaoImplTest)" time="0.003" classname="se.nrm.dina.data.jpa.DinaDaoImplTest"/>
  <testcase name="testGetEntityByJPQLFailure1 on testGetEntityByJPQLFailure1(se.nrm.dina.data.jpa.DinaDaoImplTest)" time="0.014" classname="se.nrm.dina.data.jpa.DinaDaoImplTest"/>
  <testcase name="testGetEntityByJPQLFailure2 on testGetEntityByJPQLFailure2(se.nrm.dina.data.jpa.DinaDaoImplTest)" time="0.012" classname="se.nrm.dina.data.jpa.DinaDaoImplTest"/>
  <testcase name="testGetCountByQuery on testGetCountByQuery(se.nrm.dina.data.jpa.DinaDaoImplTest)" time="0.005" classname="se.nrm.dina.data.jpa.DinaDaoImplTest"/>
  <testcase name="testGetCountByQueryFailure on testGetCountByQueryFailure(se.nrm.dina.data.jpa.DinaDaoImplTest)" time="0.003" classname="se.nrm.dina.data.jpa.DinaDaoImplTest"/>
  <testcase name="testConvertClassNameToClassException on testConvertClassNameToClassException(se.nrm.dina.data.util.UtilNGTest)" time="0.002" classname="se.nrm.dina.data.util.UtilNGTest"/>
  <testcase name="testReformClassName on testReformClassName(se.nrm.dina.data.util.UtilNGTest)" time="0.001" classname="se.nrm.dina.data.util.UtilNGTest"/>
  <testcase name="testReformClassNameEmptyName on testReformClassNameEmptyName(se.nrm.dina.data.util.UtilNGTest)" time="0.0" classname="se.nrm.dina.data.util.UtilNGTest"/>
  <testcase name="testCreateNewInstance on testCreateNewInstance(se.nrm.dina.data.util.UtilNGTest)" time="0.0" classname="se.nrm.dina.data.util.UtilNGTest"/>
  <testcase name="testFailedCreateNewInstance on testFailedCreateNewInstance(se.nrm.dina.data.util.UtilNGTest)" time="0.001" classname="se.nrm.dina.data.util.UtilNGTest"/>
  <testcase name="testValidateEntityName on testValidateEntityName(se.nrm.dina.data.util.UtilNGTest)" time="0.0" classname="se.nrm.dina.data.util.UtilNGTest"/>
  <testcase name="testInvalidateEntityName on testInvalidateEntityName(se.nrm.dina.data.util.UtilNGTest)" time="0.001" classname="se.nrm.dina.data.util.UtilNGTest"/>
  <testcase name="testIsCollection on testIsCollection(se.nrm.dina.data.util.UtilNGTest)" time="0.0" classname="se.nrm.dina.data.util.UtilNGTest"/>
  <testcase name="testIsCollectionFalse on testIsCollectionFalse(se.nrm.dina.data.util.UtilNGTest)" time="0.001" classname="se.nrm.dina.data.util.UtilNGTest"/>
  <testcase name="testGetEntity on testGetEntity(se.nrm.dina.data.util.UtilNGTest)" time="0.002" classname="se.nrm.dina.data.util.UtilNGTest"/>
  <testcase name="testGetEntityFailure on testGetEntityFailure(se.nrm.dina.data.util.UtilNGTest)" time="0.001" classname="se.nrm.dina.data.util.UtilNGTest"/>
  <testcase name="testValidateFields on testValidateFields(se.nrm.dina.data.util.UtilNGTest)" time="0.001" classname="se.nrm.dina.data.util.UtilNGTest"/>
  <testcase name="testGetIDFieldName_EntityBean on testGetIDFieldName_EntityBean(se.nrm.dina.data.util.UtilNGTest)" time="0.007" classname="se.nrm.dina.data.util.UtilNGTest"/>
  <testcase name="testGetIDFieldName_String on testGetIDFieldName_String(se.nrm.dina.data.util.UtilNGTest)" time="0.0" classname="se.nrm.dina.data.util.UtilNGTest"/>
  <testcase name="testIsNumric on testIsNumric(se.nrm.dina.data.util.UtilNGTest)" time="0.012" classname="se.nrm.dina.data.util.UtilNGTest"/>
  <testcase name="testMaxLimit on testMaxLimit(se.nrm.dina.data.util.UtilNGTest)" time="0.001" classname="se.nrm.dina.data.util.UtilNGTest"/>
  <testcase name="testConvertClassNameToClass on testConvertClassNameToClass(se.nrm.dina.data.util.UtilNGTest)" time="0.0" classname="se.nrm.dina.data.util.UtilNGTest"/>
  <testcase name="testIsFieldsValid on testIsFieldsValid(se.nrm.dina.data.util.UtilNGTest)" time="0.005" classname="se.nrm.dina.data.util.UtilNGTest"/>
  <testcase name="testIsFieldsValidFailed on testIsFieldsValidFailed(se.nrm.dina.data.util.UtilNGTest)" time="0.001" classname="se.nrm.dina.data.util.UtilNGTest"/>
  <testcase name="testIsFieldsValidFailedExpected on testIsFieldsValidFailedExpected(se.nrm.dina.data.util.UtilNGTest)" time="0.003" classname="se.nrm.dina.data.util.UtilNGTest"/>
  <testcase name="testIsIntField on testIsIntField(se.nrm.dina.data.util.UtilNGTest)" time="0.021" classname="se.nrm.dina.data.util.UtilNGTest"/>
  <testcase name="testIsIntFieldFalse on testIsIntFieldFalse(se.nrm.dina.data.util.UtilNGTest)" time="0.001" classname="se.nrm.dina.data.util.UtilNGTest"/>
  <testcase name="testIsIntegerFieldException on testIsIntegerFieldException(se.nrm.dina.data.util.UtilNGTest)" time="0.002" classname="se.nrm.dina.data.util.UtilNGTest"/>
  <testcase name="testIsIntegerField on testIsIntegerField(se.nrm.dina.data.util.UtilNGTest)" time="0.0" classname="se.nrm.dina.data.util.UtilNGTest"/>
  <testcase name="testIsEntity on testIsEntity(se.nrm.dina.data.util.UtilNGTest)" time="0.001" classname="se.nrm.dina.data.util.UtilNGTest"/>
  <testcase name="testIsEntityFalse on testIsEntityFalse(se.nrm.dina.data.util.UtilNGTest)" time="0.0" classname="se.nrm.dina.data.util.UtilNGTest"/>
  <testcase name="testIsEntityFalseException on testIsEntityFalseException(se.nrm.dina.data.util.UtilNGTest)" time="0.001" classname="se.nrm.dina.data.util.UtilNGTest"/>
  <testcase name="testGetInstance on testGetInstance(se.nrm.dina.data.util.UtilNGTest)" time="0.0" classname="se.nrm.dina.data.util.UtilNGTest"/>
</testsuite> <!-- Surefire test -->
